

Microchip MPLAB XC8 Assembler V2.45 build 20230818022343 
                                                                                               Fri Feb 02 10:39:38 2024

Microchip MPLAB XC8 C Compiler v2.45 (Free license) build 20230818022343 Og1 
     1                           	processor	18F46K22
     2                           	fnconf	rparam,??,?,0
     3                           	pagewidth 120
     4                           	opt	flic
     5                           	psect	cinit,global,reloc=2,class=CODE,delta=1
     6                           	psect	bssCOMRAM,global,class=COMRAM,space=1,delta=1,lowdata,noexec
     7                           	psect	cstackCOMRAM,global,class=COMRAM,space=1,delta=1,lowdata,noexec
     8                           	psect	text0,global,reloc=2,class=CODE,delta=1
     9                           	psect	text1,global,reloc=2,class=CODE,delta=1
    10                           	psect	text2,global,reloc=2,class=CODE,delta=1
    11                           	psect	text3,global,reloc=2,class=CODE,delta=1
    12                           	psect	text4,global,reloc=2,class=CODE,delta=1
    13                           	psect	text5,global,reloc=2,class=CODE,delta=1
    14                           	psect	intcode,global,reloc=2,class=CODE,delta=1
    15                           	psect	smallconst,global,reloc=2,class=SMALLCONST,delta=1,noexec
    16                           	psect	intsave_regs,global,class=BIGRAM,space=1,delta=1,noexec
    17                           	psect	rparam,global,class=COMRAM,space=1,delta=1,noexec
    18                           	psect	temp,global,ovrld,common,class=COMRAM,space=1,delta=1
    19                           	psect	config,global,abs,ovrld,class=CONFIG,space=4,delta=1,noexec
    20   000000                     
    21                           ; Generated 21/07/2023 GMT
    22                           ; 
    23                           ; Copyright © 2023, Microchip Technology Inc. and its subsidiaries ("Microchip")
    24                           ; All rights reserved.
    25                           ; 
    26                           ; This software is developed by Microchip Technology Inc. and its subsidiaries ("Microch
      +                          ip").
    27                           ; 
    28                           ; Redistribution and use in source and binary forms, with or without modification, are
    29                           ; permitted provided that the following conditions are met:
    30                           ; 
    31                           ;     1. Redistributions of source code must retain the above copyright notice, this lis
      +                          t of
    32                           ;        conditions and the following disclaimer.
    33                           ; 
    34                           ;     2. Redistributions in binary form must reproduce the above copyright notice, this 
      +                          list
    35                           ;        of conditions and the following disclaimer in the documentation and/or other
    36                           ;        materials provided with the distribution. Publication is not required when
    37                           ;        this file is used in an embedded application.
    38                           ; 
    39                           ;     3. Microchip's name may not be used to endorse or promote products derived from th
      +                          is
    40                           ;        software without specific prior written permission.
    41                           ; 
    42                           ; THIS SOFTWARE IS PROVIDED BY MICROCHIP "AS IS" AND ANY EXPRESS OR IMPLIED WARRANTIES,
    43                           ; INCLUDING, BUT NOT LIMITED TO, THE IMPLIED WARRANTIES OF MERCHANTABILITY AND FITNESS F
      +                          OR
    44                           ; PURPOSE ARE DISCLAIMED.  IN NO EVENT SHALL MICROCHIP BE LIABLE FOR ANY DIRECT, INDIREC
      +                          T,
    45                           ; INCIDENTAL, SPECIAL, EXEMPLARY, OR CONSEQUENTIAL DAMAGES (INCLUDING BUT NOT LIMITED TO
    46                           ; PROCUREMENT OF SUBSTITUTE GOODS OR SERVICES; LOSS OF USE, DATA OR PROFITS; OR BUSINESS
    47                           ; INTERRUPTION) HOWSOEVER CAUSED AND ON ANY THEORY OF LIABILITY, WHETHER IN CONTRACT, ST
      +                          RICT
    48                           ; LIABILITY, OR TORT (INCLUDING NEGLIGENCE OR OTHERWISE) ARISING IN ANY WAY OUT OF THE U
      +                          SE OF
    49                           ; THIS SOFTWARE, EVEN IF ADVISED OF THE POSSIBILITY OF SUCH DAMAGE.
    50                           ; 
    51                           ; 
    52                           ; Code-generator required, PIC18F46K22 Definitions
    53                           ; 
    54                           ; SFR Addresses
    55   000000                     _T0CON	set	4053
    56   000000                     _LATBbits	set	3978
    57   000000                     _T0CONbits	set	4053
    58   000000                     _INTCONbits	set	4082
    59   000000                     _INTCON2bits	set	4081
    60   000000                     _TMR0H	set	4055
    61   000000                     _TMR0L	set	4054
    62   000000                     _TRISBbits	set	3987
    63                           
    64                           ; #config settings
    65                           
    66                           	psect	cinit
    67   0010EA                     __pcinit:
    68                           	callstack 0
    69   0010EA                     start_initialization:
    70                           	callstack 0
    71   0010EA                     __initialization:
    72                           	callstack 0
    73                           
    74                           ; Clear objects allocated to COMRAM (1 bytes)
    75   0010EA  6A07               	clrf	__pbssCOMRAM& (0+255),c
    76   0010EC                     end_of_initialization:
    77                           	callstack 0
    78   0010EC                     __end_of__initialization:
    79                           	callstack 0
    80   0010EC  9008               	bcf	int$flags,0,c	;clear compiler interrupt flag (level 1)
    81   0010EE  9208               	bcf	int$flags,1,c	;clear compiler interrupt flag (level 2)
    82   0010F0  0E00               	movlw	low (__Lmediumconst shr (0+16))
    83   0010F2  6EF8               	movwf	tblptru,c
    84   0010F4  0100               	movlb	0
    85   0010F6  EF01  F008         	goto	_main	;jump to C main() function
    86                           
    87                           	psect	bssCOMRAM
    88   000007                     __pbssCOMRAM:
    89                           	callstack 0
    90   000007                     _marche_arret:
    91                           	callstack 0
    92   000007                     	ds	1
    93                           
    94                           	psect	cstackCOMRAM
    95   000001                     __pcstackCOMRAM:
    96                           	callstack 0
    97   000001                     turnOnLED@ledNumber:
    98                           	callstack 0
    99                           
   100                           ; 2 bytes @ 0x0
   101   000001                     	ds	2
   102   000003                     ??_turnOnLED:
   103                           
   104                           ; 1 bytes @ 0x2
   105   000003                     	ds	2
   106   000005                     main@i:
   107                           	callstack 0
   108                           
   109                           ; 2 bytes @ 0x4
   110   000005                     	ds	2
   111                           
   112 ;;
   113 ;;Main: autosize = 0, tempsize = 0, incstack = 0, save=0
   114 ;;
   115 ;; *************** function _main *****************
   116 ;; Defined at:
   117 ;;		line 145 in file "main.c"
   118 ;; Parameters:    Size  Location     Type
   119 ;;		None
   120 ;; Auto vars:     Size  Location     Type
   121 ;;  i               2    4[COMRAM] int 
   122 ;; Return value:  Size  Location     Type
   123 ;;                  2   52[None  ] int 
   124 ;; Registers used:
   125 ;;		wreg, status,2, status,0, cstack
   126 ;; Tracked objects:
   127 ;;		On entry : 0/0
   128 ;;		On exit  : 0/0
   129 ;;		Unchanged: 0/0
   130 ;; Data sizes:     COMRAM   BANK0   BANK1   BANK2   BANK3   BANK4   BANK5   BANK6   BANK7   BANK8   BANK9  BANK10  BANK1
      +1  BANK12  BANK13  BANK14  BANK15
   131 ;;      Params:         0       0       0       0       0       0       0       0       0       0       0       0       
      +0       0       0       0       0
   132 ;;      Locals:         2       0       0       0       0       0       0       0       0       0       0       0       
      +0       0       0       0       0
   133 ;;      Temps:          0       0       0       0       0       0       0       0       0       0       0       0       
      +0       0       0       0       0
   134 ;;      Totals:         2       0       0       0       0       0       0       0       0       0       0       0       
      +0       0       0       0       0
   135 ;;Total ram usage:        2 bytes
   136 ;; Hardware stack levels required when called: 2
   137 ;; This function calls:
   138 ;;		_delay_1s_with_timer
   139 ;;		_initButton
   140 ;;		_initTimer0
   141 ;;		_turnOffLEDs
   142 ;;		_turnOnLED
   143 ;; This function is called by:
   144 ;;		Startup code after reset
   145 ;; This function uses a non-reentrant model
   146 ;;
   147                           
   148                           	psect	text0
   149   001002                     __ptext0:
   150                           	callstack 0
   151   001002                     _main:
   152                           	callstack 29
   153   001002  0000               	nop	
   154   001004  9093               	bcf	147,0,c	;volatile
   155   001006  9293               	bcf	147,1,c	;volatile
   156   001008  9493               	bcf	147,2,c	;volatile
   157   00100A  9693               	bcf	147,3,c	;volatile
   158   00100C  EC83  F008         	call	_turnOffLEDs	;wreg free
   159   001010  EC5B  F008         	call	_initTimer0	;wreg free
   160   001014  EC7D  F008         	call	_initButton	;wreg free
   161   001018                     l838:
   162   001018  0E00               	movlw	0
   163   00101A  6E06               	movwf	(main@i+1)^0,c
   164   00101C  0E00               	movlw	0
   165   00101E  6E05               	movwf	main@i^0,c
   166   001020                     l844:
   167   001020  C005  F001         	movff	main@i,turnOnLED@ledNumber
   168   001024  C006  F002         	movff	main@i+1,turnOnLED@ledNumber+1
   169   001028  EC2E  F008         	call	_turnOnLED	;wreg free
   170   00102C  EC68  F008         	call	_delay_1s_with_timer	;wreg free
   171   001030  EC83  F008         	call	_turnOffLEDs	;wreg free
   172   001034  4A05               	infsnz	main@i^0,f,c
   173   001036  2A06               	incf	(main@i+1)^0,f,c
   174   001038  BE06               	btfsc	(main@i+1)^0,7,c
   175   00103A  EF28  F008         	goto	u91
   176   00103E  5006               	movf	(main@i+1)^0,w,c
   177   001040  E109               	bnz	u90
   178   001042  0E04               	movlw	4
   179   001044  5C05               	subwf	main@i^0,w,c
   180   001046  A0D8               	btfss	status,0,c
   181   001048  EF28  F008         	goto	u91
   182   00104C  EF2A  F008         	goto	u90
   183   001050                     u91:
   184   001050  EF10  F008         	goto	l844
   185   001054                     u90:
   186   001054  EF0C  F008         	goto	l838
   187   001058  EF2E  F000         	goto	start
   188   00105C                     __end_of_main:
   189                           	callstack 0
   190                           
   191 ;; *************** function _turnOnLED *****************
   192 ;; Defined at:
   193 ;;		line 109 in file "main.c"
   194 ;; Parameters:    Size  Location     Type
   195 ;;  ledNumber       2    0[COMRAM] int 
   196 ;; Auto vars:     Size  Location     Type
   197 ;;		None
   198 ;; Return value:  Size  Location     Type
   199 ;;                  1    wreg      void 
   200 ;; Registers used:
   201 ;;		wreg, status,2, status,0
   202 ;; Tracked objects:
   203 ;;		On entry : 0/0
   204 ;;		On exit  : 0/0
   205 ;;		Unchanged: 0/0
   206 ;; Data sizes:     COMRAM   BANK0   BANK1   BANK2   BANK3   BANK4   BANK5   BANK6   BANK7   BANK8   BANK9  BANK10  BANK1
      +1  BANK12  BANK13  BANK14  BANK15
   207 ;;      Params:         2       0       0       0       0       0       0       0       0       0       0       0       
      +0       0       0       0       0
   208 ;;      Locals:         0       0       0       0       0       0       0       0       0       0       0       0       
      +0       0       0       0       0
   209 ;;      Temps:          2       0       0       0       0       0       0       0       0       0       0       0       
      +0       0       0       0       0
   210 ;;      Totals:         4       0       0       0       0       0       0       0       0       0       0       0       
      +0       0       0       0       0
   211 ;;Total ram usage:        4 bytes
   212 ;; Hardware stack levels used: 1
   213 ;; Hardware stack levels required when called: 1
   214 ;; This function calls:
   215 ;;		Nothing
   216 ;; This function is called by:
   217 ;;		_main
   218 ;; This function uses a non-reentrant model
   219 ;;
   220                           
   221                           	psect	text1
   222   00105C                     __ptext1:
   223                           	callstack 0
   224   00105C                     _turnOnLED:
   225                           	callstack 29
   226   00105C  EF3C  F008         	goto	l824
   227   001060                     l33:
   228   001060  808A               	bsf	138,0,c	;volatile
   229   001062  EF5A  F008         	goto	l39
   230   001066                     l35:
   231   001066  828A               	bsf	138,1,c	;volatile
   232   001068  EF5A  F008         	goto	l39
   233   00106C                     l36:
   234   00106C  848A               	bsf	138,2,c	;volatile
   235   00106E  EF5A  F008         	goto	l39
   236   001072                     l37:
   237   001072  868A               	bsf	138,3,c	;volatile
   238   001074  EF5A  F008         	goto	l39
   239   001078                     l824:
   240   001078  C001  F003         	movff	turnOnLED@ledNumber,??_turnOnLED
   241   00107C  C002  F004         	movff	turnOnLED@ledNumber+1,??_turnOnLED+1
   242                           
   243                           ; Switch on 2 bytes has been partitioned into a top level switch of size 1, and 1 sub-sw
      +                          itches
   244                           ; Switch size 1, requested type "simple"
   245                           ; Number of cases is 1, Range of values is 0 to 0
   246                           ; switch strategies available:
   247                           ; Name         Instructions Cycles
   248                           ; simple_byte            4     3 (average)
   249                           ;	Chosen strategy is simple_byte
   250   001080  5004               	movf	(??_turnOnLED+1)^0,w,c
   251   001082  0A00               	xorlw	0	; case 0
   252   001084  B4D8               	btfsc	status,2,c
   253   001086  EF47  F008         	goto	l858
   254   00108A  EF5A  F008         	goto	l39
   255   00108E                     l858:
   256                           
   257                           ; Switch size 1, requested type "simple"
   258                           ; Number of cases is 4, Range of values is 0 to 3
   259                           ; switch strategies available:
   260                           ; Name         Instructions Cycles
   261                           ; simple_byte           13     7 (average)
   262                           ;	Chosen strategy is simple_byte
   263   00108E  5003               	movf	??_turnOnLED^0,w,c
   264   001090  0A00               	xorlw	0	; case 0
   265   001092  B4D8               	btfsc	status,2,c
   266   001094  EF30  F008         	goto	l33
   267   001098  0A01               	xorlw	1	; case 1
   268   00109A  B4D8               	btfsc	status,2,c
   269   00109C  EF33  F008         	goto	l35
   270   0010A0  0A03               	xorlw	3	; case 2
   271   0010A2  B4D8               	btfsc	status,2,c
   272   0010A4  EF36  F008         	goto	l36
   273   0010A8  0A01               	xorlw	1	; case 3
   274   0010AA  B4D8               	btfsc	status,2,c
   275   0010AC  EF39  F008         	goto	l37
   276   0010B0  EF5A  F008         	goto	l39
   277   0010B4                     l39:
   278   0010B4  0012               	return		;funcret
   279   0010B6                     __end_of_turnOnLED:
   280                           	callstack 0
   281                           
   282 ;; *************** function _turnOffLEDs *****************
   283 ;; Defined at:
   284 ;;		line 138 in file "main.c"
   285 ;; Parameters:    Size  Location     Type
   286 ;;		None
   287 ;; Auto vars:     Size  Location     Type
   288 ;;		None
   289 ;; Return value:  Size  Location     Type
   290 ;;                  1    wreg      void 
   291 ;; Registers used:
   292 ;;		None
   293 ;; Tracked objects:
   294 ;;		On entry : 0/0
   295 ;;		On exit  : 0/0
   296 ;;		Unchanged: 0/0
   297 ;; Data sizes:     COMRAM   BANK0   BANK1   BANK2   BANK3   BANK4   BANK5   BANK6   BANK7   BANK8   BANK9  BANK10  BANK1
      +1  BANK12  BANK13  BANK14  BANK15
   298 ;;      Params:         0       0       0       0       0       0       0       0       0       0       0       0       
      +0       0       0       0       0
   299 ;;      Locals:         0       0       0       0       0       0       0       0       0       0       0       0       
      +0       0       0       0       0
   300 ;;      Temps:          0       0       0       0       0       0       0       0       0       0       0       0       
      +0       0       0       0       0
   301 ;;      Totals:         0       0       0       0       0       0       0       0       0       0       0       0       
      +0       0       0       0       0
   302 ;;Total ram usage:        0 bytes
   303 ;; Hardware stack levels used: 1
   304 ;; Hardware stack levels required when called: 1
   305 ;; This function calls:
   306 ;;		Nothing
   307 ;; This function is called by:
   308 ;;		_main
   309 ;; This function uses a non-reentrant model
   310 ;;
   311                           
   312                           	psect	text2
   313   001106                     __ptext2:
   314                           	callstack 0
   315   001106                     _turnOffLEDs:
   316                           	callstack 29
   317   001106  908A               	bcf	138,0,c	;volatile
   318   001108  928A               	bcf	138,1,c	;volatile
   319   00110A  948A               	bcf	138,2,c	;volatile
   320   00110C  968A               	bcf	138,3,c	;volatile
   321   00110E  0012               	return		;funcret
   322   001110                     __end_of_turnOffLEDs:
   323                           	callstack 0
   324                           
   325 ;; *************** function _initTimer0 *****************
   326 ;; Defined at:
   327 ;;		line 5 in file "timer0.c"
   328 ;; Parameters:    Size  Location     Type
   329 ;;		None
   330 ;; Auto vars:     Size  Location     Type
   331 ;;		None
   332 ;; Return value:  Size  Location     Type
   333 ;;                  1    wreg      void 
   334 ;; Registers used:
   335 ;;		wreg, status,2
   336 ;; Tracked objects:
   337 ;;		On entry : 0/0
   338 ;;		On exit  : 0/0
   339 ;;		Unchanged: 0/0
   340 ;; Data sizes:     COMRAM   BANK0   BANK1   BANK2   BANK3   BANK4   BANK5   BANK6   BANK7   BANK8   BANK9  BANK10  BANK1
      +1  BANK12  BANK13  BANK14  BANK15
   341 ;;      Params:         0       0       0       0       0       0       0       0       0       0       0       0       
      +0       0       0       0       0
   342 ;;      Locals:         0       0       0       0       0       0       0       0       0       0       0       0       
      +0       0       0       0       0
   343 ;;      Temps:          0       0       0       0       0       0       0       0       0       0       0       0       
      +0       0       0       0       0
   344 ;;      Totals:         0       0       0       0       0       0       0       0       0       0       0       0       
      +0       0       0       0       0
   345 ;;Total ram usage:        0 bytes
   346 ;; Hardware stack levels used: 1
   347 ;; Hardware stack levels required when called: 1
   348 ;; This function calls:
   349 ;;		Nothing
   350 ;; This function is called by:
   351 ;;		_main
   352 ;; This function uses a non-reentrant model
   353 ;;
   354                           
   355                           	psect	text3
   356   0010B6                     __ptext3:
   357                           	callstack 0
   358   0010B6                     _initTimer0:
   359                           	callstack 29
   360   0010B6                     
   361                           ;timer0.c: 6:     T0CON = 0b10000011;
   362   0010B6  0E83               	movlw	131
   363   0010B8  6ED5               	movwf	213,c	;volatile
   364                           
   365                           ;timer0.c: 7:     TMR0L = 49911 & 0xFF;
   366   0010BA  0EF7               	movlw	247
   367   0010BC  6ED6               	movwf	214,c	;volatile
   368                           
   369                           ;timer0.c: 8:     TMR0H = (49911 >> 8) & 0xFF;
   370   0010BE  0EC2               	movlw	194
   371   0010C0  6ED7               	movwf	215,c	;volatile
   372   0010C2                     
   373                           ;timer0.c: 9:     INTCONbits.TMR0IF = 0;
   374   0010C2  94F2               	bcf	242,2,c	;volatile
   375   0010C4                     
   376                           ;timer0.c: 10:     INTCONbits.TMR0IE = marche_arret;
   377   0010C4  B007               	btfsc	_marche_arret^0,0,c	;volatile
   378   0010C6  D002               	bra	u25
   379   0010C8  9AF2               	bcf	242,5,c	;volatile
   380   0010CA  D001               	bra	u26
   381   0010CC                     u25:
   382   0010CC  8AF2               	bsf	242,5,c	;volatile
   383   0010CE                     u26:
   384   0010CE  0012               	return		;funcret
   385   0010D0                     __end_of_initTimer0:
   386                           	callstack 0
   387                           
   388 ;; *************** function _initButton *****************
   389 ;; Defined at:
   390 ;;		line 4 in file "button.c"
   391 ;; Parameters:    Size  Location     Type
   392 ;;		None
   393 ;; Auto vars:     Size  Location     Type
   394 ;;		None
   395 ;; Return value:  Size  Location     Type
   396 ;;                  1    wreg      void 
   397 ;; Registers used:
   398 ;;		None
   399 ;; Tracked objects:
   400 ;;		On entry : 0/0
   401 ;;		On exit  : 0/0
   402 ;;		Unchanged: 0/0
   403 ;; Data sizes:     COMRAM   BANK0   BANK1   BANK2   BANK3   BANK4   BANK5   BANK6   BANK7   BANK8   BANK9  BANK10  BANK1
      +1  BANK12  BANK13  BANK14  BANK15
   404 ;;      Params:         0       0       0       0       0       0       0       0       0       0       0       0       
      +0       0       0       0       0
   405 ;;      Locals:         0       0       0       0       0       0       0       0       0       0       0       0       
      +0       0       0       0       0
   406 ;;      Temps:          0       0       0       0       0       0       0       0       0       0       0       0       
      +0       0       0       0       0
   407 ;;      Totals:         0       0       0       0       0       0       0       0       0       0       0       0       
      +0       0       0       0       0
   408 ;;Total ram usage:        0 bytes
   409 ;; Hardware stack levels used: 1
   410 ;; Hardware stack levels required when called: 1
   411 ;; This function calls:
   412 ;;		Nothing
   413 ;; This function is called by:
   414 ;;		_main
   415 ;; This function uses a non-reentrant model
   416 ;;
   417                           
   418                           	psect	text4
   419   0010FA                     __ptext4:
   420                           	callstack 0
   421   0010FA                     _initButton:
   422                           	callstack 29
   423   0010FA                     
   424                           ;button.c: 5:     TRISBbits.TRISB0 = 1;
   425   0010FA  8093               	bsf	147,0,c	;volatile
   426                           
   427                           ;button.c: 6:     INTCONbits.INT0IE = 1;
   428   0010FC  88F2               	bsf	242,4,c	;volatile
   429                           
   430                           ;button.c: 7:     INTCON2bits.INTEDG0 = 0;
   431   0010FE  9CF1               	bcf	241,6,c	;volatile
   432                           
   433                           ;button.c: 8:     INTCONbits.INT0IF = 0;
   434   001100  92F2               	bcf	242,1,c	;volatile
   435                           
   436                           ;button.c: 9:     INTCONbits.GIE = 1;
   437   001102  8EF2               	bsf	242,7,c	;volatile
   438   001104  0012               	return		;funcret
   439   001106                     __end_of_initButton:
   440                           	callstack 0
   441                           
   442 ;; *************** function _delay_1s_with_timer *****************
   443 ;; Defined at:
   444 ;;		line 129 in file "main.c"
   445 ;; Parameters:    Size  Location     Type
   446 ;;		None
   447 ;; Auto vars:     Size  Location     Type
   448 ;;		None
   449 ;; Return value:  Size  Location     Type
   450 ;;                  1    wreg      void 
   451 ;; Registers used:
   452 ;;		wreg, status,2
   453 ;; Tracked objects:
   454 ;;		On entry : 0/0
   455 ;;		On exit  : 0/0
   456 ;;		Unchanged: 0/0
   457 ;; Data sizes:     COMRAM   BANK0   BANK1   BANK2   BANK3   BANK4   BANK5   BANK6   BANK7   BANK8   BANK9  BANK10  BANK1
      +1  BANK12  BANK13  BANK14  BANK15
   458 ;;      Params:         0       0       0       0       0       0       0       0       0       0       0       0       
      +0       0       0       0       0
   459 ;;      Locals:         0       0       0       0       0       0       0       0       0       0       0       0       
      +0       0       0       0       0
   460 ;;      Temps:          0       0       0       0       0       0       0       0       0       0       0       0       
      +0       0       0       0       0
   461 ;;      Totals:         0       0       0       0       0       0       0       0       0       0       0       0       
      +0       0       0       0       0
   462 ;;Total ram usage:        0 bytes
   463 ;; Hardware stack levels used: 1
   464 ;; Hardware stack levels required when called: 1
   465 ;; This function calls:
   466 ;;		Nothing
   467 ;; This function is called by:
   468 ;;		_main
   469 ;; This function uses a non-reentrant model
   470 ;;
   471                           
   472                           	psect	text5
   473   0010D0                     __ptext5:
   474                           	callstack 0
   475   0010D0                     _delay_1s_with_timer:
   476                           	callstack 29
   477   0010D0                     l42:
   478   0010D0  A4F2               	btfss	242,2,c	;volatile
   479   0010D2  EF6D  F008         	goto	u11
   480   0010D6  EF6F  F008         	goto	u10
   481   0010DA                     u11:
   482   0010DA  EF68  F008         	goto	l42
   483   0010DE                     u10:
   484   0010DE  94F2               	bcf	242,2,c	;volatile
   485   0010E0  0EF7               	movlw	247
   486   0010E2  6ED6               	movwf	214,c	;volatile
   487   0010E4  0EC2               	movlw	194
   488   0010E6  6ED7               	movwf	215,c	;volatile
   489   0010E8  0012               	return		;funcret
   490   0010EA                     __end_of_delay_1s_with_timer:
   491                           	callstack 0
   492                           
   493 ;; *************** function _isr *****************
   494 ;; Defined at:
   495 ;;		line 87 in file "main.c"
   496 ;; Parameters:    Size  Location     Type
   497 ;;		None
   498 ;; Auto vars:     Size  Location     Type
   499 ;;		None
   500 ;; Return value:  Size  Location     Type
   501 ;;                  1    wreg      void 
   502 ;; Registers used:
   503 ;;		wreg, status,2, status,0
   504 ;; Tracked objects:
   505 ;;		On entry : 0/0
   506 ;;		On exit  : 0/0
   507 ;;		Unchanged: 0/0
   508 ;; Data sizes:     COMRAM   BANK0   BANK1   BANK2   BANK3   BANK4   BANK5   BANK6   BANK7   BANK8   BANK9  BANK10  BANK1
      +1  BANK12  BANK13  BANK14  BANK15
   509 ;;      Params:         0       0       0       0       0       0       0       0       0       0       0       0       
      +0       0       0       0       0
   510 ;;      Locals:         0       0       0       0       0       0       0       0       0       0       0       0       
      +0       0       0       0       0
   511 ;;      Temps:          0       0       0       0       0       0       0       0       0       0       0       0       
      +0       0       0       0       0
   512 ;;      Totals:         0       0       0       0       0       0       0       0       0       0       0       0       
      +0       0       0       0       0
   513 ;;Total ram usage:        0 bytes
   514 ;; Hardware stack levels used: 1
   515 ;; This function calls:
   516 ;;		Nothing
   517 ;; This function is called by:
   518 ;;		Interrupt level 2
   519 ;; This function uses a non-reentrant model
   520 ;;
   521                           
   522                           	psect	intcode
   523   000008                     __pintcode:
   524                           	callstack 0
   525   000008                     _isr:
   526                           	callstack 29
   527                           
   528                           ;incstack = 0
   529   000008  8208               	bsf	int$flags,1,c	;set compiler interrupt flag (level 2)
   530   00000A  A4F2               	btfss	242,2,c	;volatile
   531   00000C  EF0A  F000         	goto	i2u3_41
   532   000010  EF0C  F000         	goto	i2u3_40
   533   000014                     i2u3_41:
   534   000014  EF19  F000         	goto	i2l25
   535   000018                     i2u3_40:
   536   000018  94F2               	bcf	242,2,c	;volatile
   537   00001A  0407               	decf	_marche_arret^0,w,c	;volatile
   538   00001C  A4D8               	btfss	status,2,c
   539   00001E  EF13  F000         	goto	i2u4_41
   540   000022  EF15  F000         	goto	i2u4_40
   541   000026                     i2u4_41:
   542   000026  EF18  F000         	goto	i2l26
   543   00002A                     i2u4_40:
   544   00002A  8ED5               	bsf	213,7,c	;volatile
   545   00002C  EF19  F000         	goto	i2l25
   546   000030                     i2l26:
   547   000030  9ED5               	bcf	213,7,c	;volatile
   548   000032                     i2l25:
   549   000032  A2F2               	btfss	242,1,c	;volatile
   550   000034  EF1E  F000         	goto	i2u5_41
   551   000038  EF20  F000         	goto	i2u5_40
   552   00003C                     i2u5_41:
   553   00003C  EF2C  F000         	goto	i2l29
   554   000040                     i2u5_40:
   555   000040  92F2               	bcf	242,1,c	;volatile
   556   000042  5007               	movf	_marche_arret^0,w,c	;volatile
   557   000044  B4D8               	btfsc	status,2,c
   558   000046  EF27  F000         	goto	i2u6_41
   559   00004A  EF2A  F000         	goto	i2u6_40
   560   00004E                     i2u6_41:
   561   00004E  0E01               	movlw	1
   562   000050  EF2B  F000         	goto	i2u7_40
   563   000054                     i2u6_40:
   564   000054  0E00               	movlw	0
   565   000056                     i2u7_40:
   566   000056  6E07               	movwf	_marche_arret^0,c	;volatile
   567   000058                     i2l29:
   568   000058  9208               	bcf	int$flags,1,c	;clear compiler interrupt flag (level 2)
   569   00005A  0011               	retfie		f
   570   00005C                     __end_of_isr:
   571                           	callstack 0
   572                           
   573                           	psect	smallconst
   574   001000                     __psmallconst:
   575                           	callstack 0
   576   001000  00                 	db	0
   577   001001  00                 	db	0	; dummy byte at the end
   578   000000                     
   579                           	psect	rparam
   580   000000                     
   581                           	psect	temp
   582   000008                     btemp:
   583                           	callstack 0
   584   000008                     	ds	1
   585   000000                     int$flags	set	btemp
   586   000000                     wtemp8	set	btemp+1
   587   000000                     ttemp5	set	btemp+1
   588   000000                     ttemp6	set	btemp+4
   589   000000                     ttemp7	set	btemp+8
   590                           
   591                           	psect	config
   592                           
   593                           ; Padding undefined space
   594   300000                     	org	3145728
   595   300000  FF                 	db	255
   596                           
   597                           ;Config register CONFIG1H @ 0x300001
   598                           ;	Oscillator Selection bits
   599                           ;	FOSC = INTIO7, Internal oscillator block, CLKOUT function on OSC2
   600                           ;	4X PLL Enable
   601                           ;	PLLCFG = OFF, Oscillator used directly
   602                           ;	Primary clock enable bit
   603                           ;	PRICLKEN = ON, Primary clock is always enabled
   604                           ;	Fail-Safe Clock Monitor Enable bit
   605                           ;	FCMEN = OFF, Fail-Safe Clock Monitor disabled
   606                           ;	Internal/External Oscillator Switchover bit
   607                           ;	IESO = OFF, Oscillator Switchover mode disabled
   608   300001                     	org	3145729
   609   300001  29                 	db	41
   610                           
   611                           ;Config register CONFIG2L @ 0x300002
   612                           ;	Power-up Timer Enable bit
   613                           ;	PWRTEN = OFF, Power up timer disabled
   614                           ;	Brown-out Reset Enable bits
   615                           ;	BOREN = SBORDIS, Brown-out Reset enabled in hardware only (SBOREN is disabled)
   616                           ;	Brown Out Reset Voltage bits
   617                           ;	BORV = 190, VBOR set to 1.90 V nominal
   618   300002                     	org	3145730
   619   300002  1F                 	db	31
   620                           
   621                           ;Config register CONFIG2H @ 0x300003
   622                           ;	Watchdog Timer Enable bits
   623                           ;	WDTEN = OFF, Watch dog timer is always disabled. SWDTEN has no effect.
   624                           ;	Watchdog Timer Postscale Select bits
   625                           ;	WDTPS = 32768, 1:32768
   626   300003                     	org	3145731
   627   300003  3C                 	db	60
   628                           
   629                           ; Padding undefined space
   630   300004                     	org	3145732
   631   300004  FF                 	db	255
   632                           
   633                           ;Config register CONFIG3H @ 0x300005
   634                           ;	CCP2 MUX bit
   635                           ;	CCP2MX = PORTC1, CCP2 input/output is multiplexed with RC1
   636                           ;	PORTB A/D Enable bit
   637                           ;	PBADEN = OFF, PORTB<5:0> pins are configured as digital I/O on Reset
   638                           ;	P3A/CCP3 Mux bit
   639                           ;	CCP3MX = PORTB5, P3A/CCP3 input/output is multiplexed with RB5
   640                           ;	HFINTOSC Fast Start-up
   641                           ;	HFOFST = ON, HFINTOSC output and ready status are not delayed by the oscillator stable
      +                           status
   642                           ;	Timer3 Clock input mux bit
   643                           ;	T3CMX = PORTC0, T3CKI is on RC0
   644                           ;	ECCP2 B output mux bit
   645                           ;	P2BMX = PORTD2, P2B is on RD2
   646                           ;	MCLR Pin Enable bit
   647                           ;	MCLRE = EXTMCLR, MCLR pin enabled, RE3 input pin disabled
   648   300005                     	org	3145733
   649   300005  BD                 	db	189
   650                           
   651                           ;Config register CONFIG4L @ 0x300006
   652                           ;	Stack Full/Underflow Reset Enable bit
   653                           ;	STVREN = ON, Stack full/underflow will cause Reset
   654                           ;	Single-Supply ICSP Enable bit
   655                           ;	LVP = ON, Single-Supply ICSP enabled if MCLRE is also 1
   656                           ;	Extended Instruction Set Enable bit
   657                           ;	XINST = OFF, Instruction set extension and Indexed Addressing mode disabled (Legacy mo
      +                          de)
   658                           ;	Background Debug
   659                           ;	DEBUG = 0x1, unprogrammed default
   660   300006                     	org	3145734
   661   300006  85                 	db	133
   662                           
   663                           ; Padding undefined space
   664   300007                     	org	3145735
   665   300007  FF                 	db	255
   666                           
   667                           ;Config register CONFIG5L @ 0x300008
   668                           ;	Code Protection Block 0
   669                           ;	CP0 = OFF, Block 0 (000800-003FFFh) not code-protected
   670                           ;	Code Protection Block 1
   671                           ;	CP1 = OFF, Block 1 (004000-007FFFh) not code-protected
   672                           ;	Code Protection Block 2
   673                           ;	CP2 = OFF, Block 2 (008000-00BFFFh) not code-protected
   674                           ;	Code Protection Block 3
   675                           ;	CP3 = OFF, Block 3 (00C000-00FFFFh) not code-protected
   676   300008                     	org	3145736
   677   300008  0F                 	db	15
   678                           
   679                           ;Config register CONFIG5H @ 0x300009
   680                           ;	Boot Block Code Protection bit
   681                           ;	CPB = OFF, Boot block (000000-0007FFh) not code-protected
   682                           ;	Data EEPROM Code Protection bit
   683                           ;	CPD = OFF, Data EEPROM not code-protected
   684   300009                     	org	3145737
   685   300009  C0                 	db	192
   686                           
   687                           ;Config register CONFIG6L @ 0x30000A
   688                           ;	Write Protection Block 0
   689                           ;	WRT0 = OFF, Block 0 (000800-003FFFh) not write-protected
   690                           ;	Write Protection Block 1
   691                           ;	WRT1 = OFF, Block 1 (004000-007FFFh) not write-protected
   692                           ;	Write Protection Block 2
   693                           ;	WRT2 = OFF, Block 2 (008000-00BFFFh) not write-protected
   694                           ;	Write Protection Block 3
   695                           ;	WRT3 = OFF, Block 3 (00C000-00FFFFh) not write-protected
   696   30000A                     	org	3145738
   697   30000A  0F                 	db	15
   698                           
   699                           ;Config register CONFIG6H @ 0x30000B
   700                           ;	Configuration Register Write Protection bit
   701                           ;	WRTC = OFF, Configuration registers (300000-3000FFh) not write-protected
   702                           ;	Boot Block Write Protection bit
   703                           ;	WRTB = OFF, Boot Block (000000-0007FFh) not write-protected
   704                           ;	Data EEPROM Write Protection bit
   705                           ;	WRTD = OFF, Data EEPROM not write-protected
   706   30000B                     	org	3145739
   707   30000B  E0                 	db	224
   708                           
   709                           ;Config register CONFIG7L @ 0x30000C
   710                           ;	Table Read Protection Block 0
   711                           ;	EBTR0 = OFF, Block 0 (000800-003FFFh) not protected from table reads executed in other
      +                           blocks
   712                           ;	Table Read Protection Block 1
   713                           ;	EBTR1 = OFF, Block 1 (004000-007FFFh) not protected from table reads executed in other
      +                           blocks
   714                           ;	Table Read Protection Block 2
   715                           ;	EBTR2 = OFF, Block 2 (008000-00BFFFh) not protected from table reads executed in other
      +                           blocks
   716                           ;	Table Read Protection Block 3
   717                           ;	EBTR3 = OFF, Block 3 (00C000-00FFFFh) not protected from table reads executed in other
      +                           blocks
   718   30000C                     	org	3145740
   719   30000C  0F                 	db	15
   720                           
   721                           ;Config register CONFIG7H @ 0x30000D
   722                           ;	Boot Block Table Read Protection bit
   723                           ;	EBTRB = OFF, Boot Block (000000-0007FFh) not protected from table reads executed in ot
      +                          her blocks
   724   30000D                     	org	3145741
   725   30000D  40                 	db	64
   726                           tosu	equ	0xFFF
   727                           tosh	equ	0xFFE
   728                           tosl	equ	0xFFD
   729                           stkptr	equ	0xFFC
   730                           pclatu	equ	0xFFB
   731                           pclath	equ	0xFFA
   732                           pcl	equ	0xFF9
   733                           tblptru	equ	0xFF8
   734                           tblptrh	equ	0xFF7
   735                           tblptrl	equ	0xFF6
   736                           tablat	equ	0xFF5
   737                           prodh	equ	0xFF4
   738                           prodl	equ	0xFF3
   739                           indf0	equ	0xFEF
   740                           postinc0	equ	0xFEE
   741                           postdec0	equ	0xFED
   742                           preinc0	equ	0xFEC
   743                           plusw0	equ	0xFEB
   744                           fsr0h	equ	0xFEA
   745                           fsr0l	equ	0xFE9
   746                           wreg	equ	0xFE8
   747                           indf1	equ	0xFE7
   748                           postinc1	equ	0xFE6
   749                           postdec1	equ	0xFE5
   750                           preinc1	equ	0xFE4
   751                           plusw1	equ	0xFE3
   752                           fsr1h	equ	0xFE2
   753                           fsr1l	equ	0xFE1
   754                           bsr	equ	0xFE0
   755                           indf2	equ	0xFDF
   756                           postinc2	equ	0xFDE
   757                           postdec2	equ	0xFDD
   758                           preinc2	equ	0xFDC
   759                           plusw2	equ	0xFDB
   760                           fsr2h	equ	0xFDA
   761                           fsr2l	equ	0xFD9
   762                           status	equ	0xFD8

Data Sizes:
    Strings     0
    Constant    0
    Data        0
    BSS         1
    Persistent  0
    Stack       0

Auto Spaces:
    Space          Size  Autos    Used
    COMRAM           94      6       7
    BANK0           160      0       0
    BANK1           256      0       0
    BANK2           256      0       0
    BANK3           256      0       0
    BANK4           256      0       0
    BANK5           256      0       0
    BANK6           256      0       0
    BANK7           256      0       0
    BANK8           256      0       0
    BANK9           256      0       0
    BANK10          256      0       0
    BANK11          256      0       0
    BANK12          256      0       0
    BANK13          256      0       0
    BANK14          256      0       0
    BANK15           56      0       0

Pointer List with Targets:

    None.

Critical Paths under _main in COMRAM

    _main->_turnOnLED

Critical Paths under _isr in COMRAM

    None.

Critical Paths under _main in BANK0

    None.

Critical Paths under _isr in BANK0

    None.

Critical Paths under _main in BANK1

    None.

Critical Paths under _isr in BANK1

    None.

Critical Paths under _main in BANK2

    None.

Critical Paths under _isr in BANK2

    None.

Critical Paths under _main in BANK3

    None.

Critical Paths under _isr in BANK3

    None.

Critical Paths under _main in BANK4

    None.

Critical Paths under _isr in BANK4

    None.

Critical Paths under _main in BANK5

    None.

Critical Paths under _isr in BANK5

    None.

Critical Paths under _main in BANK6

    None.

Critical Paths under _isr in BANK6

    None.

Critical Paths under _main in BANK7

    None.

Critical Paths under _isr in BANK7

    None.

Critical Paths under _main in BANK8

    None.

Critical Paths under _isr in BANK8

    None.

Critical Paths under _main in BANK9

    None.

Critical Paths under _isr in BANK9

    None.

Critical Paths under _main in BANK10

    None.

Critical Paths under _isr in BANK10

    None.

Critical Paths under _main in BANK11

    None.

Critical Paths under _isr in BANK11

    None.

Critical Paths under _main in BANK12

    None.

Critical Paths under _isr in BANK12

    None.

Critical Paths under _main in BANK13

    None.

Critical Paths under _isr in BANK13

    None.

Critical Paths under _main in BANK14

    None.

Critical Paths under _isr in BANK14

    None.

Critical Paths under _main in BANK15

    None.

Critical Paths under _isr in BANK15

    None.

Call Graph Tables:

 ---------------------------------------------------------------------------------
 (Depth) Function   	        Calls       Base Space   Used Autos Params    Refs
 ---------------------------------------------------------------------------------
 (0) _main                                                 2     2      0     166
                                              4 COMRAM     2     2      0
                _delay_1s_with_timer
                         _initButton
                         _initTimer0
                        _turnOffLEDs
                          _turnOnLED
 ---------------------------------------------------------------------------------
 (1) _turnOnLED                                            4     2      2      98
                                              0 COMRAM     4     2      2
 ---------------------------------------------------------------------------------
 (1) _turnOffLEDs                                          0     0      0       0
 ---------------------------------------------------------------------------------
 (1) _initTimer0                                           0     0      0       0
 ---------------------------------------------------------------------------------
 (1) _initButton                                           0     0      0       0
 ---------------------------------------------------------------------------------
 (1) _delay_1s_with_timer                                  0     0      0       0
 ---------------------------------------------------------------------------------
 Estimated maximum stack depth 1
 ---------------------------------------------------------------------------------
 (Depth) Function   	        Calls       Base Space   Used Autos Params    Refs
 ---------------------------------------------------------------------------------
 (2) _isr                                                  0     0      0       0
 ---------------------------------------------------------------------------------
 Estimated maximum stack depth 2
 ---------------------------------------------------------------------------------

 Call Graph Graphs:

 _main (ROOT)
   _delay_1s_with_timer
   _initButton
   _initTimer0
   _turnOffLEDs
   _turnOnLED

 _isr (ROOT)

 Address spaces:
Name               Size   Autos  Total    Cost      Usage
BIGRAM             F37      0       0      42        0.0%
EEDATA             400      0       0       0        0.0%
BITBANK14          100      0       0      33        0.0%
BANK14             100      0       0      34        0.0%
BITBANK13          100      0       0      31        0.0%
BANK13             100      0       0      32        0.0%
BITBANK12          100      0       0      29        0.0%
BANK12             100      0       0      30        0.0%
BITBANK11          100      0       0      26        0.0%
BANK11             100      0       0      27        0.0%
BITBANK10          100      0       0      24        0.0%
BANK10             100      0       0      25        0.0%
BITBANK9           100      0       0      22        0.0%
BANK9              100      0       0      23        0.0%
BITBANK8           100      0       0      20        0.0%
BANK8              100      0       0      21        0.0%
BITBANK7           100      0       0      18        0.0%
BANK7              100      0       0      19        0.0%
BITBANK6           100      0       0      16        0.0%
BANK6              100      0       0      17        0.0%
BITBANK5           100      0       0      14        0.0%
BANK5              100      0       0      15        0.0%
BITBANK4           100      0       0      12        0.0%
BANK4              100      0       0      13        0.0%
BITBANK3           100      0       0      10        0.0%
BANK3              100      0       0      11        0.0%
BITBANK2           100      0       0       8        0.0%
BANK2              100      0       0       9        0.0%
BITBANK1           100      0       0       6        0.0%
BANK1              100      0       0       7        0.0%
BITBANK0            A0      0       0       4        0.0%
BANK0               A0      0       0       5        0.0%
BITCOMRAM           5E      0       0       0        0.0%
COMRAM              5E      6       7       1        7.4%
BITBIGSFRlll        52      0       0      41        0.0%
BITBIGSFRllhh       41      0       0      39        0.0%
BITBANK15           38      0       0      35        0.0%
BANK15              38      0       0      36        0.0%
BITBIGSFRlh         19      0       0      38        0.0%
BITBIGSFRh           D      0       0      37        0.0%
BITBIGSFRllhl        8      0       0      40        0.0%
BIGSFR               0      0       0     200        0.0%
BITSFR_1             0      0       0     200        0.0%
SFR_1                0      0       0     200        0.0%
BITSFR               0      0       0     200        0.0%
SFR                  0      0       0     200        0.0%
STACK                0      0       0       2        0.0%
NULL                 0      0       0       0        0.0%
ABS                  0      0       7      28        0.0%
DATA                 0      0       7       3        0.0%
CODE                 0      0       0       0        0.0%


Microchip Technology PIC18 Macro Assembler V2.45 build 20230818022343 
Symbol Table                                                                                   Fri Feb 02 10:39:38 2024

                         l33 1060                           l42 10D0                           l35 1066  
                         l44 10DE                           l36 106C                           l45 10E8  
                         l37 1072                           l71 10CE                           l39 10B4  
                         l80 1104                           l48 110E                           u10 10DE  
                         u11 10DA                           u25 10CC                           u26 10CE  
                         u90 1054                           u91 1050                          l820 105C  
                        l830 1002                          l824 1078                          l832 100C  
                        l770 1106                          l850 1034                          l834 1010  
                        l772 10B6                          l852 1038                          l844 1020  
                        l836 1014                          l766 10D0                          l774 10C2  
                        l846 102C                          l838 1018                          l768 10E0  
                        l776 10C4                          l848 1030                          l778 10FA  
                        l858 108E                          _isr 0008                         ?_isr 0001  
                       i2l25 0032                         i2l26 0030                         i2l29 0058  
                       _main 1002                         btemp 0008                         start 005C  
               ___param_bank 0000                  _turnOffLEDs 1106                        ??_isr 0001  
                      ?_main 0001                        _T0CON 0FD5                        i2l780 000A  
                      i2l790 0042                        i2l782 0018                        i2l784 001A  
                      i2l786 002A                        i2l788 0040                        _TMR0H 0FD7  
                      _TMR0L 0FD6                        main@i 0005                        ttemp5 0009  
                      ttemp6 000C                        ttemp7 0010                        status 0FD8  
                      wtemp8 0009              __initialization 10EA                 __end_of_main 105C  
                     ??_main 0005                __activetblptr 0002                       i2u3_40 0018  
                     i2u3_41 0014                       i2u4_40 002A                       i2u4_41 0026  
                     i2u5_40 0040                       i2u5_41 003C                       i2u6_40 0054  
                     i2u6_41 004E                       i2u7_40 0056                       isa$std 0001  
               __mediumconst 0000                       tblptru 0FF8                   __accesstop 0060  
    __end_of__initialization 10EC                ___rparam_used 0001               __pcstackCOMRAM 0001  
               ?_turnOffLEDs 0001                      __Hparam 0000                      __Lparam 0000  
                 _initButton 10FA                   _initTimer0 10B6                 __psmallconst 1000  
                    __pcinit 10EA                      __ramtop 1000                      __ptext0 1002  
                    __ptext1 105C                      __ptext2 1106                      __ptext3 10B6  
                    __ptext4 10FA                      __ptext5 10D0                    _T0CONbits 0FD5  
       end_of_initialization 10EC                __Lmediumconst 0000          _delay_1s_with_timer 10D0  
          __end_of_turnOnLED 10B6         ?_delay_1s_with_timer 0001                    _TRISBbits 0F93  
                ?_initButton 0001                  ?_initTimer0 0001        ??_delay_1s_with_timer 0001  
        start_initialization 10EA                  __end_of_isr 005C                 _marche_arret 0007  
         turnOnLED@ledNumber 0001                  __pbssCOMRAM 0007                    __pintcode 0008  
                __smallconst 1000                     _LATBbits 0F8A                    _turnOnLED 105C  
                _INTCON2bits 0FF1                     __Hrparam 0000                     __Lrparam 0000  
               ??_initButton 0001                 ??_initTimer0 0001                   ?_turnOnLED 0001  
         __end_of_initButton 1106           __end_of_initTimer0 10D0                ??_turnOffLEDs 0001  
                   isa$xinst 0000                     int$flags 0008  __end_of_delay_1s_with_timer 10EA  
                 _INTCONbits 0FF2                     intlevel2 0000          __end_of_turnOffLEDs 1110  
                ??_turnOnLED 0003  
