

Microchip MPLAB XC8 Assembler V2.45 build 20230818022343 
                                                                                               Fri Jan 26 12:21:32 2024

Microchip MPLAB XC8 C Compiler v2.45 (Free license) build 20230818022343 Og1 
     1                           	processor	18F46K22
     2                           	fnconf	rparam,??,?,0
     3                           	pagewidth 120
     4                           	opt	flic
     5                           	psect	cinit,global,reloc=2,class=CODE,delta=1
     6                           	psect	cstackCOMRAM,global,class=COMRAM,space=1,delta=1,lowdata,noexec
     7                           	psect	text0,global,reloc=2,class=CODE,delta=1
     8                           	psect	text1,global,reloc=2,class=CODE,delta=1
     9                           	psect	text2,global,reloc=2,class=CODE,delta=1
    10                           	psect	text3,global,reloc=2,class=CODE,delta=1
    11                           	psect	text4,global,reloc=2,class=CODE,delta=1
    12                           	psect	smallconst,global,reloc=2,class=SMALLCONST,delta=1,noexec
    13                           	psect	intsave_regs,global,class=BIGRAM,space=1,delta=1,noexec
    14                           	psect	rparam,global,class=COMRAM,space=1,delta=1,noexec
    15                           	psect	config,global,abs,ovrld,class=CONFIG,space=4,delta=1,noexec
    16   000000                     
    17                           ; Generated 21/07/2023 GMT
    18                           ; 
    19                           ; Copyright © 2023, Microchip Technology Inc. and its subsidiaries ("Microchip")
    20                           ; All rights reserved.
    21                           ; 
    22                           ; This software is developed by Microchip Technology Inc. and its subsidiaries ("Microch
      +                          ip").
    23                           ; 
    24                           ; Redistribution and use in source and binary forms, with or without modification, are
    25                           ; permitted provided that the following conditions are met:
    26                           ; 
    27                           ;     1. Redistributions of source code must retain the above copyright notice, this lis
      +                          t of
    28                           ;        conditions and the following disclaimer.
    29                           ; 
    30                           ;     2. Redistributions in binary form must reproduce the above copyright notice, this 
      +                          list
    31                           ;        of conditions and the following disclaimer in the documentation and/or other
    32                           ;        materials provided with the distribution. Publication is not required when
    33                           ;        this file is used in an embedded application.
    34                           ; 
    35                           ;     3. Microchip's name may not be used to endorse or promote products derived from th
      +                          is
    36                           ;        software without specific prior written permission.
    37                           ; 
    38                           ; THIS SOFTWARE IS PROVIDED BY MICROCHIP "AS IS" AND ANY EXPRESS OR IMPLIED WARRANTIES,
    39                           ; INCLUDING, BUT NOT LIMITED TO, THE IMPLIED WARRANTIES OF MERCHANTABILITY AND FITNESS F
      +                          OR
    40                           ; PURPOSE ARE DISCLAIMED.  IN NO EVENT SHALL MICROCHIP BE LIABLE FOR ANY DIRECT, INDIREC
      +                          T,
    41                           ; INCIDENTAL, SPECIAL, EXEMPLARY, OR CONSEQUENTIAL DAMAGES (INCLUDING BUT NOT LIMITED TO
    42                           ; PROCUREMENT OF SUBSTITUTE GOODS OR SERVICES; LOSS OF USE, DATA OR PROFITS; OR BUSINESS
    43                           ; INTERRUPTION) HOWSOEVER CAUSED AND ON ANY THEORY OF LIABILITY, WHETHER IN CONTRACT, ST
      +                          RICT
    44                           ; LIABILITY, OR TORT (INCLUDING NEGLIGENCE OR OTHERWISE) ARISING IN ANY WAY OUT OF THE U
      +                          SE OF
    45                           ; THIS SOFTWARE, EVEN IF ADVISED OF THE POSSIBILITY OF SUCH DAMAGE.
    46                           ; 
    47                           ; 
    48                           ; Code-generator required, PIC18F46K22 Definitions
    49                           ; 
    50                           ; SFR Addresses
    51   000000                     _LATBbits	set	3978
    52   000000                     _T0CON	set	4053
    53   000000                     _INTCONbits	set	4082
    54   000000                     _TMR0H	set	4055
    55   000000                     _TMR0L	set	4054
    56   000000                     _TRISBbits	set	3987
    57                           
    58                           ; #config settings
    59                           
    60                           	psect	cinit
    61   0010DC                     __pcinit:
    62                           	callstack 0
    63   0010DC                     start_initialization:
    64                           	callstack 0
    65   0010DC                     __initialization:
    66                           	callstack 0
    67   0010DC                     end_of_initialization:
    68                           	callstack 0
    69   0010DC                     __end_of__initialization:
    70                           	callstack 0
    71   0010DC  0E00               	movlw	low (__Lmediumconst shr (0+16))
    72   0010DE  6EF8               	movwf	tblptru,c
    73   0010E0  0100               	movlb	0
    74   0010E2  EF2E  F008         	goto	_main	;jump to C main() function
    75                           
    76                           	psect	cstackCOMRAM
    77   000001                     __pcstackCOMRAM:
    78                           	callstack 0
    79   000001                     turnOnLED@ledNumber:
    80                           	callstack 0
    81                           
    82                           ; 2 bytes @ 0x0
    83   000001                     	ds	2
    84   000003                     ??_turnOnLED:
    85                           
    86                           ; 1 bytes @ 0x2
    87   000003                     	ds	2
    88   000005                     main@i:
    89                           	callstack 0
    90                           
    91                           ; 2 bytes @ 0x4
    92   000005                     	ds	2
    93                           
    94 ;;
    95 ;;Main: autosize = 0, tempsize = 0, incstack = 0, save=0
    96 ;;
    97 ;; *************** function _main *****************
    98 ;; Defined at:
    99 ;;		line 134 in file "main.c"
   100 ;; Parameters:    Size  Location     Type
   101 ;;		None
   102 ;; Auto vars:     Size  Location     Type
   103 ;;  i               2    4[COMRAM] int 
   104 ;; Return value:  Size  Location     Type
   105 ;;                  2   40[None  ] int 
   106 ;; Registers used:
   107 ;;		wreg, status,2, status,0, cstack
   108 ;; Tracked objects:
   109 ;;		On entry : 0/0
   110 ;;		On exit  : 0/0
   111 ;;		Unchanged: 0/0
   112 ;; Data sizes:     COMRAM   BANK0   BANK1   BANK2   BANK3   BANK4   BANK5   BANK6   BANK7   BANK8   BANK9  BANK10  BANK1
      +1  BANK12  BANK13  BANK14  BANK15
   113 ;;      Params:         0       0       0       0       0       0       0       0       0       0       0       0       
      +0       0       0       0       0
   114 ;;      Locals:         2       0       0       0       0       0       0       0       0       0       0       0       
      +0       0       0       0       0
   115 ;;      Temps:          0       0       0       0       0       0       0       0       0       0       0       0       
      +0       0       0       0       0
   116 ;;      Totals:         2       0       0       0       0       0       0       0       0       0       0       0       
      +0       0       0       0       0
   117 ;;Total ram usage:        2 bytes
   118 ;; Hardware stack levels required when called: 1
   119 ;; This function calls:
   120 ;;		_configureTimer0
   121 ;;		_delay_1s_with_timer
   122 ;;		_turnOffLEDs
   123 ;;		_turnOnLED
   124 ;; This function is called by:
   125 ;;		Startup code after reset
   126 ;; This function uses a non-reentrant model
   127 ;;
   128                           
   129                           	psect	text0
   130   00105C                     __ptext0:
   131                           	callstack 0
   132   00105C                     _main:
   133                           	callstack 30
   134   00105C  0000               	nop	
   135   00105E  9093               	bcf	147,0,c	;volatile
   136   001060  9293               	bcf	147,1,c	;volatile
   137   001062  9493               	bcf	147,2,c	;volatile
   138   001064  9693               	bcf	147,3,c	;volatile
   139   001066  EC73  F008         	call	_turnOffLEDs	;wreg free
   140   00106A  EC66  F008         	call	_configureTimer0	;wreg free
   141   00106E                     l41:
   142   00106E  0E00               	movlw	0
   143   001070  6E06               	movwf	(main@i+1)^0,c
   144   001072  0E00               	movlw	0
   145   001074  6E05               	movwf	main@i^0,c
   146   001076                     l786:
   147   001076  C005  F001         	movff	main@i,turnOnLED@ledNumber
   148   00107A  C006  F002         	movff	main@i+1,turnOnLED@ledNumber+1
   149   00107E  EC01  F008         	call	_turnOnLED	;wreg free
   150   001082  EC59  F008         	call	_delay_1s_with_timer	;wreg free
   151   001086  EC73  F008         	call	_turnOffLEDs	;wreg free
   152   00108A  4A05               	infsnz	main@i^0,f,c
   153   00108C  2A06               	incf	(main@i+1)^0,f,c
   154   00108E  BE06               	btfsc	(main@i+1)^0,7,c
   155   001090  EF53  F008         	goto	u31
   156   001094  5006               	movf	(main@i+1)^0,w,c
   157   001096  E109               	bnz	u30
   158   001098  0E04               	movlw	4
   159   00109A  5C05               	subwf	main@i^0,w,c
   160   00109C  A0D8               	btfss	status,0,c
   161   00109E  EF53  F008         	goto	u31
   162   0010A2  EF55  F008         	goto	u30
   163   0010A6                     u31:
   164   0010A6  EF3B  F008         	goto	l786
   165   0010AA                     u30:
   166   0010AA  EF37  F008         	goto	l41
   167   0010AE  EF00  F000         	goto	start
   168   0010B2                     __end_of_main:
   169                           	callstack 0
   170                           
   171 ;; *************** function _turnOnLED *****************
   172 ;; Defined at:
   173 ;;		line 107 in file "main.c"
   174 ;; Parameters:    Size  Location     Type
   175 ;;  ledNumber       2    0[COMRAM] int 
   176 ;; Auto vars:     Size  Location     Type
   177 ;;		None
   178 ;; Return value:  Size  Location     Type
   179 ;;                  1    wreg      void 
   180 ;; Registers used:
   181 ;;		wreg, status,2, status,0
   182 ;; Tracked objects:
   183 ;;		On entry : 0/0
   184 ;;		On exit  : 0/0
   185 ;;		Unchanged: 0/0
   186 ;; Data sizes:     COMRAM   BANK0   BANK1   BANK2   BANK3   BANK4   BANK5   BANK6   BANK7   BANK8   BANK9  BANK10  BANK1
      +1  BANK12  BANK13  BANK14  BANK15
   187 ;;      Params:         2       0       0       0       0       0       0       0       0       0       0       0       
      +0       0       0       0       0
   188 ;;      Locals:         0       0       0       0       0       0       0       0       0       0       0       0       
      +0       0       0       0       0
   189 ;;      Temps:          2       0       0       0       0       0       0       0       0       0       0       0       
      +0       0       0       0       0
   190 ;;      Totals:         4       0       0       0       0       0       0       0       0       0       0       0       
      +0       0       0       0       0
   191 ;;Total ram usage:        4 bytes
   192 ;; Hardware stack levels used: 1
   193 ;; This function calls:
   194 ;;		Nothing
   195 ;; This function is called by:
   196 ;;		_main
   197 ;; This function uses a non-reentrant model
   198 ;;
   199                           
   200                           	psect	text1
   201   001002                     __ptext1:
   202                           	callstack 0
   203   001002                     _turnOnLED:
   204                           	callstack 30
   205   001002  EF0F  F008         	goto	l770
   206   001006                     l27:
   207   001006  808A               	bsf	138,0,c	;volatile
   208   001008  EF2D  F008         	goto	l33
   209   00100C                     l29:
   210   00100C  828A               	bsf	138,1,c	;volatile
   211   00100E  EF2D  F008         	goto	l33
   212   001012                     l30:
   213   001012  848A               	bsf	138,2,c	;volatile
   214   001014  EF2D  F008         	goto	l33
   215   001018                     l31:
   216   001018  868A               	bsf	138,3,c	;volatile
   217   00101A  EF2D  F008         	goto	l33
   218   00101E                     l770:
   219   00101E  C001  F003         	movff	turnOnLED@ledNumber,??_turnOnLED
   220   001022  C002  F004         	movff	turnOnLED@ledNumber+1,??_turnOnLED+1
   221                           
   222                           ; Switch on 2 bytes has been partitioned into a top level switch of size 1, and 1 sub-sw
      +                          itches
   223                           ; Switch size 1, requested type "simple"
   224                           ; Number of cases is 1, Range of values is 0 to 0
   225                           ; switch strategies available:
   226                           ; Name         Instructions Cycles
   227                           ; simple_byte            4     3 (average)
   228                           ;	Chosen strategy is simple_byte
   229   001026  5004               	movf	(??_turnOnLED+1)^0,w,c
   230   001028  0A00               	xorlw	0	; case 0
   231   00102A  B4D8               	btfsc	status,2,c
   232   00102C  EF1A  F008         	goto	l800
   233   001030  EF2D  F008         	goto	l33
   234   001034                     l800:
   235                           
   236                           ; Switch size 1, requested type "simple"
   237                           ; Number of cases is 4, Range of values is 0 to 3
   238                           ; switch strategies available:
   239                           ; Name         Instructions Cycles
   240                           ; simple_byte           13     7 (average)
   241                           ;	Chosen strategy is simple_byte
   242   001034  5003               	movf	??_turnOnLED^0,w,c
   243   001036  0A00               	xorlw	0	; case 0
   244   001038  B4D8               	btfsc	status,2,c
   245   00103A  EF03  F008         	goto	l27
   246   00103E  0A01               	xorlw	1	; case 1
   247   001040  B4D8               	btfsc	status,2,c
   248   001042  EF06  F008         	goto	l29
   249   001046  0A03               	xorlw	3	; case 2
   250   001048  B4D8               	btfsc	status,2,c
   251   00104A  EF09  F008         	goto	l30
   252   00104E  0A01               	xorlw	1	; case 3
   253   001050  B4D8               	btfsc	status,2,c
   254   001052  EF0C  F008         	goto	l31
   255   001056  EF2D  F008         	goto	l33
   256   00105A                     l33:
   257   00105A  0012               	return		;funcret
   258   00105C                     __end_of_turnOnLED:
   259                           	callstack 0
   260                           
   261 ;; *************** function _turnOffLEDs *****************
   262 ;; Defined at:
   263 ;;		line 127 in file "main.c"
   264 ;; Parameters:    Size  Location     Type
   265 ;;		None
   266 ;; Auto vars:     Size  Location     Type
   267 ;;		None
   268 ;; Return value:  Size  Location     Type
   269 ;;                  1    wreg      void 
   270 ;; Registers used:
   271 ;;		None
   272 ;; Tracked objects:
   273 ;;		On entry : 0/0
   274 ;;		On exit  : 0/0
   275 ;;		Unchanged: 0/0
   276 ;; Data sizes:     COMRAM   BANK0   BANK1   BANK2   BANK3   BANK4   BANK5   BANK6   BANK7   BANK8   BANK9  BANK10  BANK1
      +1  BANK12  BANK13  BANK14  BANK15
   277 ;;      Params:         0       0       0       0       0       0       0       0       0       0       0       0       
      +0       0       0       0       0
   278 ;;      Locals:         0       0       0       0       0       0       0       0       0       0       0       0       
      +0       0       0       0       0
   279 ;;      Temps:          0       0       0       0       0       0       0       0       0       0       0       0       
      +0       0       0       0       0
   280 ;;      Totals:         0       0       0       0       0       0       0       0       0       0       0       0       
      +0       0       0       0       0
   281 ;;Total ram usage:        0 bytes
   282 ;; Hardware stack levels used: 1
   283 ;; This function calls:
   284 ;;		Nothing
   285 ;; This function is called by:
   286 ;;		_main
   287 ;; This function uses a non-reentrant model
   288 ;;
   289                           
   290                           	psect	text2
   291   0010E6                     __ptext2:
   292                           	callstack 0
   293   0010E6                     _turnOffLEDs:
   294                           	callstack 30
   295   0010E6  908A               	bcf	138,0,c	;volatile
   296   0010E8  928A               	bcf	138,1,c	;volatile
   297   0010EA  948A               	bcf	138,2,c	;volatile
   298   0010EC  968A               	bcf	138,3,c	;volatile
   299   0010EE  0012               	return		;funcret
   300   0010F0                     __end_of_turnOffLEDs:
   301                           	callstack 0
   302                           
   303 ;; *************** function _delay_1s_with_timer *****************
   304 ;; Defined at:
   305 ;;		line 98 in file "main.c"
   306 ;; Parameters:    Size  Location     Type
   307 ;;		None
   308 ;; Auto vars:     Size  Location     Type
   309 ;;		None
   310 ;; Return value:  Size  Location     Type
   311 ;;                  1    wreg      void 
   312 ;; Registers used:
   313 ;;		wreg, status,2
   314 ;; Tracked objects:
   315 ;;		On entry : 0/0
   316 ;;		On exit  : 0/0
   317 ;;		Unchanged: 0/0
   318 ;; Data sizes:     COMRAM   BANK0   BANK1   BANK2   BANK3   BANK4   BANK5   BANK6   BANK7   BANK8   BANK9  BANK10  BANK1
      +1  BANK12  BANK13  BANK14  BANK15
   319 ;;      Params:         0       0       0       0       0       0       0       0       0       0       0       0       
      +0       0       0       0       0
   320 ;;      Locals:         0       0       0       0       0       0       0       0       0       0       0       0       
      +0       0       0       0       0
   321 ;;      Temps:          0       0       0       0       0       0       0       0       0       0       0       0       
      +0       0       0       0       0
   322 ;;      Totals:         0       0       0       0       0       0       0       0       0       0       0       0       
      +0       0       0       0       0
   323 ;;Total ram usage:        0 bytes
   324 ;; Hardware stack levels used: 1
   325 ;; This function calls:
   326 ;;		Nothing
   327 ;; This function is called by:
   328 ;;		_main
   329 ;; This function uses a non-reentrant model
   330 ;;
   331                           
   332                           	psect	text3
   333   0010B2                     __ptext3:
   334                           	callstack 0
   335   0010B2                     _delay_1s_with_timer:
   336                           	callstack 30
   337   0010B2                     l20:
   338   0010B2  A4F2               	btfss	242,2,c	;volatile
   339   0010B4  EF5E  F008         	goto	u11
   340   0010B8  EF60  F008         	goto	u10
   341   0010BC                     u11:
   342   0010BC  EF59  F008         	goto	l20
   343   0010C0                     u10:
   344   0010C0  94F2               	bcf	242,2,c	;volatile
   345   0010C2  0EF7               	movlw	247
   346   0010C4  6ED6               	movwf	214,c	;volatile
   347   0010C6  0EC2               	movlw	194
   348   0010C8  6ED7               	movwf	215,c	;volatile
   349   0010CA  0012               	return		;funcret
   350   0010CC                     __end_of_delay_1s_with_timer:
   351                           	callstack 0
   352                           
   353 ;; *************** function _configureTimer0 *****************
   354 ;; Defined at:
   355 ;;		line 87 in file "main.c"
   356 ;; Parameters:    Size  Location     Type
   357 ;;		None
   358 ;; Auto vars:     Size  Location     Type
   359 ;;  initial_valu    2    0        unsigned int 
   360 ;; Return value:  Size  Location     Type
   361 ;;                  1    wreg      void 
   362 ;; Registers used:
   363 ;;		wreg, status,2
   364 ;; Tracked objects:
   365 ;;		On entry : 0/0
   366 ;;		On exit  : 0/0
   367 ;;		Unchanged: 0/0
   368 ;; Data sizes:     COMRAM   BANK0   BANK1   BANK2   BANK3   BANK4   BANK5   BANK6   BANK7   BANK8   BANK9  BANK10  BANK1
      +1  BANK12  BANK13  BANK14  BANK15
   369 ;;      Params:         0       0       0       0       0       0       0       0       0       0       0       0       
      +0       0       0       0       0
   370 ;;      Locals:         0       0       0       0       0       0       0       0       0       0       0       0       
      +0       0       0       0       0
   371 ;;      Temps:          0       0       0       0       0       0       0       0       0       0       0       0       
      +0       0       0       0       0
   372 ;;      Totals:         0       0       0       0       0       0       0       0       0       0       0       0       
      +0       0       0       0       0
   373 ;;Total ram usage:        0 bytes
   374 ;; Hardware stack levels used: 1
   375 ;; This function calls:
   376 ;;		Nothing
   377 ;; This function is called by:
   378 ;;		_main
   379 ;; This function uses a non-reentrant model
   380 ;;
   381                           
   382                           	psect	text4
   383   0010CC                     __ptext4:
   384                           	callstack 0
   385   0010CC                     _configureTimer0:
   386                           	callstack 30
   387   0010CC  0E83               	movlw	131
   388   0010CE  6ED5               	movwf	213,c	;volatile
   389   0010D0  0EF7               	movlw	247
   390   0010D2  6ED6               	movwf	214,c	;volatile
   391   0010D4  0EC2               	movlw	194
   392   0010D6  6ED7               	movwf	215,c	;volatile
   393   0010D8  94F2               	bcf	242,2,c	;volatile
   394   0010DA  0012               	return		;funcret
   395   0010DC                     __end_of_configureTimer0:
   396                           	callstack 0
   397                           
   398                           	psect	smallconst
   399   001000                     __psmallconst:
   400                           	callstack 0
   401   001000  00                 	db	0
   402   001001  00                 	db	0	; dummy byte at the end
   403   000000                     
   404                           	psect	rparam
   405   000000                     
   406                           	psect	config
   407                           
   408                           ; Padding undefined space
   409   300000                     	org	3145728
   410   300000  FF                 	db	255
   411                           
   412                           ;Config register CONFIG1H @ 0x300001
   413                           ;	Oscillator Selection bits
   414                           ;	FOSC = INTIO7, Internal oscillator block, CLKOUT function on OSC2
   415                           ;	4X PLL Enable
   416                           ;	PLLCFG = OFF, Oscillator used directly
   417                           ;	Primary clock enable bit
   418                           ;	PRICLKEN = ON, Primary clock is always enabled
   419                           ;	Fail-Safe Clock Monitor Enable bit
   420                           ;	FCMEN = OFF, Fail-Safe Clock Monitor disabled
   421                           ;	Internal/External Oscillator Switchover bit
   422                           ;	IESO = OFF, Oscillator Switchover mode disabled
   423   300001                     	org	3145729
   424   300001  29                 	db	41
   425                           
   426                           ;Config register CONFIG2L @ 0x300002
   427                           ;	Power-up Timer Enable bit
   428                           ;	PWRTEN = OFF, Power up timer disabled
   429                           ;	Brown-out Reset Enable bits
   430                           ;	BOREN = SBORDIS, Brown-out Reset enabled in hardware only (SBOREN is disabled)
   431                           ;	Brown Out Reset Voltage bits
   432                           ;	BORV = 190, VBOR set to 1.90 V nominal
   433   300002                     	org	3145730
   434   300002  1F                 	db	31
   435                           
   436                           ;Config register CONFIG2H @ 0x300003
   437                           ;	Watchdog Timer Enable bits
   438                           ;	WDTEN = OFF, Watch dog timer is always disabled. SWDTEN has no effect.
   439                           ;	Watchdog Timer Postscale Select bits
   440                           ;	WDTPS = 32768, 1:32768
   441   300003                     	org	3145731
   442   300003  3C                 	db	60
   443                           
   444                           ; Padding undefined space
   445   300004                     	org	3145732
   446   300004  FF                 	db	255
   447                           
   448                           ;Config register CONFIG3H @ 0x300005
   449                           ;	CCP2 MUX bit
   450                           ;	CCP2MX = PORTC1, CCP2 input/output is multiplexed with RC1
   451                           ;	PORTB A/D Enable bit
   452                           ;	PBADEN = OFF, PORTB<5:0> pins are configured as digital I/O on Reset
   453                           ;	P3A/CCP3 Mux bit
   454                           ;	CCP3MX = PORTB5, P3A/CCP3 input/output is multiplexed with RB5
   455                           ;	HFINTOSC Fast Start-up
   456                           ;	HFOFST = ON, HFINTOSC output and ready status are not delayed by the oscillator stable
      +                           status
   457                           ;	Timer3 Clock input mux bit
   458                           ;	T3CMX = PORTC0, T3CKI is on RC0
   459                           ;	ECCP2 B output mux bit
   460                           ;	P2BMX = PORTD2, P2B is on RD2
   461                           ;	MCLR Pin Enable bit
   462                           ;	MCLRE = EXTMCLR, MCLR pin enabled, RE3 input pin disabled
   463   300005                     	org	3145733
   464   300005  BD                 	db	189
   465                           
   466                           ;Config register CONFIG4L @ 0x300006
   467                           ;	Stack Full/Underflow Reset Enable bit
   468                           ;	STVREN = ON, Stack full/underflow will cause Reset
   469                           ;	Single-Supply ICSP Enable bit
   470                           ;	LVP = ON, Single-Supply ICSP enabled if MCLRE is also 1
   471                           ;	Extended Instruction Set Enable bit
   472                           ;	XINST = OFF, Instruction set extension and Indexed Addressing mode disabled (Legacy mo
      +                          de)
   473                           ;	Background Debug
   474                           ;	DEBUG = 0x1, unprogrammed default
   475   300006                     	org	3145734
   476   300006  85                 	db	133
   477                           
   478                           ; Padding undefined space
   479   300007                     	org	3145735
   480   300007  FF                 	db	255
   481                           
   482                           ;Config register CONFIG5L @ 0x300008
   483                           ;	Code Protection Block 0
   484                           ;	CP0 = OFF, Block 0 (000800-003FFFh) not code-protected
   485                           ;	Code Protection Block 1
   486                           ;	CP1 = OFF, Block 1 (004000-007FFFh) not code-protected
   487                           ;	Code Protection Block 2
   488                           ;	CP2 = OFF, Block 2 (008000-00BFFFh) not code-protected
   489                           ;	Code Protection Block 3
   490                           ;	CP3 = OFF, Block 3 (00C000-00FFFFh) not code-protected
   491   300008                     	org	3145736
   492   300008  0F                 	db	15
   493                           
   494                           ;Config register CONFIG5H @ 0x300009
   495                           ;	Boot Block Code Protection bit
   496                           ;	CPB = OFF, Boot block (000000-0007FFh) not code-protected
   497                           ;	Data EEPROM Code Protection bit
   498                           ;	CPD = OFF, Data EEPROM not code-protected
   499   300009                     	org	3145737
   500   300009  C0                 	db	192
   501                           
   502                           ;Config register CONFIG6L @ 0x30000A
   503                           ;	Write Protection Block 0
   504                           ;	WRT0 = OFF, Block 0 (000800-003FFFh) not write-protected
   505                           ;	Write Protection Block 1
   506                           ;	WRT1 = OFF, Block 1 (004000-007FFFh) not write-protected
   507                           ;	Write Protection Block 2
   508                           ;	WRT2 = OFF, Block 2 (008000-00BFFFh) not write-protected
   509                           ;	Write Protection Block 3
   510                           ;	WRT3 = OFF, Block 3 (00C000-00FFFFh) not write-protected
   511   30000A                     	org	3145738
   512   30000A  0F                 	db	15
   513                           
   514                           ;Config register CONFIG6H @ 0x30000B
   515                           ;	Configuration Register Write Protection bit
   516                           ;	WRTC = OFF, Configuration registers (300000-3000FFh) not write-protected
   517                           ;	Boot Block Write Protection bit
   518                           ;	WRTB = OFF, Boot Block (000000-0007FFh) not write-protected
   519                           ;	Data EEPROM Write Protection bit
   520                           ;	WRTD = OFF, Data EEPROM not write-protected
   521   30000B                     	org	3145739
   522   30000B  E0                 	db	224
   523                           
   524                           ;Config register CONFIG7L @ 0x30000C
   525                           ;	Table Read Protection Block 0
   526                           ;	EBTR0 = OFF, Block 0 (000800-003FFFh) not protected from table reads executed in other
      +                           blocks
   527                           ;	Table Read Protection Block 1
   528                           ;	EBTR1 = OFF, Block 1 (004000-007FFFh) not protected from table reads executed in other
      +                           blocks
   529                           ;	Table Read Protection Block 2
   530                           ;	EBTR2 = OFF, Block 2 (008000-00BFFFh) not protected from table reads executed in other
      +                           blocks
   531                           ;	Table Read Protection Block 3
   532                           ;	EBTR3 = OFF, Block 3 (00C000-00FFFFh) not protected from table reads executed in other
      +                           blocks
   533   30000C                     	org	3145740
   534   30000C  0F                 	db	15
   535                           
   536                           ;Config register CONFIG7H @ 0x30000D
   537                           ;	Boot Block Table Read Protection bit
   538                           ;	EBTRB = OFF, Boot Block (000000-0007FFh) not protected from table reads executed in ot
      +                          her blocks
   539   30000D                     	org	3145741
   540   30000D  40                 	db	64
   541                           tosu	equ	0xFFF
   542                           tosh	equ	0xFFE
   543                           tosl	equ	0xFFD
   544                           stkptr	equ	0xFFC
   545                           pclatu	equ	0xFFB
   546                           pclath	equ	0xFFA
   547                           pcl	equ	0xFF9
   548                           tblptru	equ	0xFF8
   549                           tblptrh	equ	0xFF7
   550                           tblptrl	equ	0xFF6
   551                           tablat	equ	0xFF5
   552                           prodh	equ	0xFF4
   553                           prodl	equ	0xFF3
   554                           indf0	equ	0xFEF
   555                           postinc0	equ	0xFEE
   556                           postdec0	equ	0xFED
   557                           preinc0	equ	0xFEC
   558                           plusw0	equ	0xFEB
   559                           fsr0h	equ	0xFEA
   560                           fsr0l	equ	0xFE9
   561                           wreg	equ	0xFE8
   562                           indf1	equ	0xFE7
   563                           postinc1	equ	0xFE6
   564                           postdec1	equ	0xFE5
   565                           preinc1	equ	0xFE4
   566                           plusw1	equ	0xFE3
   567                           fsr1h	equ	0xFE2
   568                           fsr1l	equ	0xFE1
   569                           bsr	equ	0xFE0
   570                           indf2	equ	0xFDF
   571                           postinc2	equ	0xFDE
   572                           postdec2	equ	0xFDD
   573                           preinc2	equ	0xFDC
   574                           plusw2	equ	0xFDB
   575                           fsr2h	equ	0xFDA
   576                           fsr2l	equ	0xFD9
   577                           status	equ	0xFD8

Data Sizes:
    Strings     0
    Constant    0
    Data        0
    BSS         0
    Persistent  0
    Stack       0

Auto Spaces:
    Space          Size  Autos    Used
    COMRAM           95      6       6
    BANK0           160      0       0
    BANK1           256      0       0
    BANK2           256      0       0
    BANK3           256      0       0
    BANK4           256      0       0
    BANK5           256      0       0
    BANK6           256      0       0
    BANK7           256      0       0
    BANK8           256      0       0
    BANK9           256      0       0
    BANK10          256      0       0
    BANK11          256      0       0
    BANK12          256      0       0
    BANK13          256      0       0
    BANK14          256      0       0
    BANK15           56      0       0

Pointer List with Targets:

    None.

Critical Paths under _main in COMRAM

    _main->_turnOnLED

Critical Paths under _main in BANK0

    None.

Critical Paths under _main in BANK1

    None.

Critical Paths under _main in BANK2

    None.

Critical Paths under _main in BANK3

    None.

Critical Paths under _main in BANK4

    None.

Critical Paths under _main in BANK5

    None.

Critical Paths under _main in BANK6

    None.

Critical Paths under _main in BANK7

    None.

Critical Paths under _main in BANK8

    None.

Critical Paths under _main in BANK9

    None.

Critical Paths under _main in BANK10

    None.

Critical Paths under _main in BANK11

    None.

Critical Paths under _main in BANK12

    None.

Critical Paths under _main in BANK13

    None.

Critical Paths under _main in BANK14

    None.

Critical Paths under _main in BANK15

    None.

Call Graph Tables:

 ---------------------------------------------------------------------------------
 (Depth) Function   	        Calls       Base Space   Used Autos Params    Refs
 ---------------------------------------------------------------------------------
 (0) _main                                                 2     2      0     166
                                              4 COMRAM     2     2      0
                    _configureTimer0
                _delay_1s_with_timer
                        _turnOffLEDs
                          _turnOnLED
 ---------------------------------------------------------------------------------
 (1) _turnOnLED                                            4     2      2      98
                                              0 COMRAM     4     2      2
 ---------------------------------------------------------------------------------
 (1) _turnOffLEDs                                          0     0      0       0
 ---------------------------------------------------------------------------------
 (1) _delay_1s_with_timer                                  0     0      0       0
 ---------------------------------------------------------------------------------
 (1) _configureTimer0                                      2     2      0       0
 ---------------------------------------------------------------------------------
 Estimated maximum stack depth 1
 ---------------------------------------------------------------------------------

 Call Graph Graphs:

 _main (ROOT)
   _configureTimer0
   _delay_1s_with_timer
   _turnOffLEDs
   _turnOnLED

 Address spaces:
Name               Size   Autos  Total    Cost      Usage
BITCOMRAM           5F      0       0       0        0.0%
EEDATA             400      0       0       0        0.0%
NULL                 0      0       0       0        0.0%
CODE                 0      0       0       0        0.0%
COMRAM              5F      6       6       1        6.3%
STACK                0      0       0       2        0.0%
DATA                 0      0       0       3        0.0%
BITBANK0            A0      0       0       4        0.0%
BANK0               A0      0       0       5        0.0%
BITBANK1           100      0       0       6        0.0%
BANK1              100      0       0       7        0.0%
BITBANK2           100      0       0       8        0.0%
BANK2              100      0       0       9        0.0%
BITBANK3           100      0       0      10        0.0%
BANK3              100      0       0      11        0.0%
BITBANK4           100      0       0      12        0.0%
BANK4              100      0       0      13        0.0%
BITBANK5           100      0       0      14        0.0%
BANK5              100      0       0      15        0.0%
BITBANK6           100      0       0      16        0.0%
BANK6              100      0       0      17        0.0%
BITBANK7           100      0       0      18        0.0%
BANK7              100      0       0      19        0.0%
BITBANK8           100      0       0      20        0.0%
BANK8              100      0       0      21        0.0%
BITBANK9           100      0       0      22        0.0%
BANK9              100      0       0      23        0.0%
BITBANK10          100      0       0      24        0.0%
BANK10             100      0       0      25        0.0%
BITBANK11          100      0       0      26        0.0%
BANK11             100      0       0      27        0.0%
ABS                  0      0       0      28        0.0%
BITBANK12          100      0       0      29        0.0%
BANK12             100      0       0      30        0.0%
BITBANK13          100      0       0      31        0.0%
BANK13             100      0       0      32        0.0%
BITBANK14          100      0       0      33        0.0%
BANK14             100      0       0      34        0.0%
BITBANK15           38      0       0      35        0.0%
BANK15              38      0       0      36        0.0%
BITBIGSFRhh          D      0       0      37        0.0%
BITBIGSFRhl         1A      0       0      38        0.0%
BITBIGSFRlhh        41      0       0      39        0.0%
BITBIGSFRlhl         8      0       0      40        0.0%
BITBIGSFRll         52      0       0      41        0.0%
BIGRAM             F37      0       0      42        0.0%
BIGSFR               0      0       0     200        0.0%
BITSFR_1             0      0       0     200        0.0%
SFR_1                0      0       0     200        0.0%
BITSFR               0      0       0     200        0.0%
SFR                  0      0       0     200        0.0%


Microchip Technology PIC18 Macro Assembler V2.45 build 20230818022343 
Symbol Table                                                                                   Fri Jan 26 12:21:32 2024

                         l20 10B2                           l22 10C0                           l30 1012  
                         l23 10CA                           l31 1018                           l17 10DA  
                         l33 105A                           l41 106E                           l27 1006  
                         l36 10EE                           l29 100C                           u10 10C0  
                         u11 10BC                           u30 10AA                           u31 10A6  
                        l800 1034                          l722 10CC                          l724 10D8  
                        l740 10E6                          l726 10B2                          l728 10C2  
                        l770 101E                          l780 106A                          l766 1002  
                        l790 1086                          l792 108A                          l776 105C  
                        l794 108E                          l786 1076                          l778 1066  
                        l788 1082             ?_configureTimer0 0001                         _main 105C  
                       start 0000                 ___param_bank 0000                  _turnOffLEDs 10E6  
                      ?_main 0001                        _T0CON 0FD5                        _TMR0H 0FD7  
                      _TMR0L 0FD6                        main@i 0005                        status 0FD8  
            __initialization 10DC                 __end_of_main 10B2                       ??_main 0005  
              __activetblptr 0002                       isa$std 0001                 __mediumconst 0000  
                     tblptru 0FF8                   __accesstop 0060      __end_of__initialization 10DC  
              ___rparam_used 0001               __pcstackCOMRAM 0001                 ?_turnOffLEDs 0001  
                    __Hparam 0000                      __Lparam 0000                 __psmallconst 1000  
                    __pcinit 10DC                      __ramtop 1000                      __ptext0 105C  
                    __ptext1 1002                      __ptext2 10E6                      __ptext3 10B2  
                    __ptext4 10CC         end_of_initialization 10DC                __Lmediumconst 0000  
        _delay_1s_with_timer 10B2            __end_of_turnOnLED 105C         ?_delay_1s_with_timer 0001  
                  _TRISBbits 0F93            ??_configureTimer0 0001        ??_delay_1s_with_timer 0001  
        start_initialization 10DC           turnOnLED@ledNumber 0001                  __smallconst 1000  
                   _LATBbits 0F8A                    _turnOnLED 1002                     __Hrparam 0000  
            _configureTimer0 10CC                     __Lrparam 0000                   ?_turnOnLED 0001  
              ??_turnOffLEDs 0001                     isa$xinst 0000  __end_of_delay_1s_with_timer 10CC  
                 _INTCONbits 0FF2      __end_of_configureTimer0 10DC          __end_of_turnOffLEDs 10F0  
                ??_turnOnLED 0003  
