

Microchip MPLAB XC8 Assembler V2.45 build 20230818022343 
                                                                                               Fri Feb 09 11:22:35 2024

Microchip MPLAB XC8 C Compiler v2.45 (Free license) build 20230818022343 Og1 
     1                           	processor	18F46K22
     2                           	fnconf	rparam,??,?,0
     3                           	pagewidth 120
     4                           	opt	flic
     5                           	psect	idataCOMRAM,global,class=CODE,delta=1,noexec
     6                           	psect	cinit,global,reloc=2,class=CODE,delta=1
     7                           	psect	dataCOMRAM,global,class=COMRAM,space=1,delta=1,lowdata,noexec
     8                           	psect	cstackCOMRAM,global,class=COMRAM,space=1,delta=1,lowdata,noexec
     9                           	psect	text0,global,reloc=2,class=CODE,delta=1
    10                           	psect	text1,global,reloc=2,class=CODE,delta=1
    11                           	psect	text2,global,reloc=2,class=CODE,delta=1
    12                           	psect	text3,global,reloc=2,class=CODE,delta=1
    13                           	psect	intcode,global,reloc=2,class=CODE,delta=1
    14                           	psect	text5,global,reloc=2,class=CODE,delta=1
    15                           	psect	text6,global,reloc=2,class=CODE,delta=1
    16                           	psect	text7,global,reloc=2,class=CODE,delta=1
    17                           	psect	text8,global,reloc=2,class=CODE,delta=1,group=1
    18                           	psect	smallconst,global,reloc=2,class=SMALLCONST,delta=1,noexec
    19                           	psect	intsave_regs,global,class=BIGRAM,space=1,delta=1,noexec
    20                           	psect	rparam,global,class=COMRAM,space=1,delta=1,noexec
    21                           	psect	temp,global,ovrld,common,class=COMRAM,space=1,delta=1
    22                           	psect	config,global,abs,ovrld,class=CONFIG,space=4,delta=1,noexec
    23   000000                     
    24                           ; Generated 21/07/2023 GMT
    25                           ; 
    26                           ; Copyright © 2023, Microchip Technology Inc. and its subsidiaries ("Microchip")
    27                           ; All rights reserved.
    28                           ; 
    29                           ; This software is developed by Microchip Technology Inc. and its subsidiaries ("Microch
      +                          ip").
    30                           ; 
    31                           ; Redistribution and use in source and binary forms, with or without modification, are
    32                           ; permitted provided that the following conditions are met:
    33                           ; 
    34                           ;     1. Redistributions of source code must retain the above copyright notice, this lis
      +                          t of
    35                           ;        conditions and the following disclaimer.
    36                           ; 
    37                           ;     2. Redistributions in binary form must reproduce the above copyright notice, this 
      +                          list
    38                           ;        of conditions and the following disclaimer in the documentation and/or other
    39                           ;        materials provided with the distribution. Publication is not required when
    40                           ;        this file is used in an embedded application.
    41                           ; 
    42                           ;     3. Microchip's name may not be used to endorse or promote products derived from th
      +                          is
    43                           ;        software without specific prior written permission.
    44                           ; 
    45                           ; THIS SOFTWARE IS PROVIDED BY MICROCHIP "AS IS" AND ANY EXPRESS OR IMPLIED WARRANTIES,
    46                           ; INCLUDING, BUT NOT LIMITED TO, THE IMPLIED WARRANTIES OF MERCHANTABILITY AND FITNESS F
      +                          OR
    47                           ; PURPOSE ARE DISCLAIMED.  IN NO EVENT SHALL MICROCHIP BE LIABLE FOR ANY DIRECT, INDIREC
      +                          T,
    48                           ; INCIDENTAL, SPECIAL, EXEMPLARY, OR CONSEQUENTIAL DAMAGES (INCLUDING BUT NOT LIMITED TO
    49                           ; PROCUREMENT OF SUBSTITUTE GOODS OR SERVICES; LOSS OF USE, DATA OR PROFITS; OR BUSINESS
    50                           ; INTERRUPTION) HOWSOEVER CAUSED AND ON ANY THEORY OF LIABILITY, WHETHER IN CONTRACT, ST
      +                          RICT
    51                           ; LIABILITY, OR TORT (INCLUDING NEGLIGENCE OR OTHERWISE) ARISING IN ANY WAY OUT OF THE U
      +                          SE OF
    52                           ; THIS SOFTWARE, EVEN IF ADVISED OF THE POSSIBILITY OF SUCH DAMAGE.
    53                           ; 
    54                           ; 
    55                           ; Code-generator required, PIC18F46K22 Definitions
    56                           ; 
    57                           ; SFR Addresses
    58   000000                     
    59                           	psect	idataCOMRAM
    60   0011A2                     __pidataCOMRAM:
    61                           	callstack 0
    62                           
    63                           ;initializer for _timerOverflowCount
    64   0011A2  0002               	dw	2
    65   000000                     _T0CON	set	4053
    66   000000                     _PORTBbits	set	3969
    67   000000                     _LATBbits	set	3978
    68   000000                     _TRISBbits	set	3987
    69   000000                     _T0CONbits	set	4053
    70   000000                     _INTCON2bits	set	4081
    71   000000                     _TMR0H	set	4055
    72   000000                     _TMR0L	set	4054
    73   000000                     _INTCONbits	set	4082
    74                           
    75                           ; #config settings
    76                           
    77                           	psect	cinit
    78   00112E                     __pcinit:
    79                           	callstack 0
    80   00112E                     start_initialization:
    81                           	callstack 0
    82   00112E                     __initialization:
    83                           	callstack 0
    84                           
    85                           ; Initialize objects allocated to COMRAM (2 bytes)
    86                           ; load TBLPTR registers with __pidataCOMRAM
    87   00112E  0EA2               	movlw	low __pidataCOMRAM
    88   001130  6EF6               	movwf	tblptrl,c
    89   001132  0E11               	movlw	high __pidataCOMRAM
    90   001134  6EF7               	movwf	tblptrh,c
    91   001136  0E00               	movlw	low (__pidataCOMRAM shr (0+16))
    92   001138  6EF8               	movwf	tblptru,c
    93   00113A  0009               	tblrd		*+	;fetch initializer
    94   00113C  CFF5 F008          	movff	tablat,__pdataCOMRAM
    95   001140  0009               	tblrd		*+	;fetch initializer
    96   001142  CFF5 F009          	movff	tablat,__pdataCOMRAM+1
    97   001146                     end_of_initialization:
    98                           	callstack 0
    99   001146                     __end_of__initialization:
   100                           	callstack 0
   101   001146  900A               	bcf	int$flags,0,c	;clear compiler interrupt flag (level 1)
   102   001148  920A               	bcf	int$flags,1,c	;clear compiler interrupt flag (level 2)
   103   00114A  0E00               	movlw	low (__Lmediumconst shr (0+16))
   104   00114C  6EF8               	movwf	tblptru,c
   105   00114E  0100               	movlb	0
   106   001150  EFAA  F008         	goto	_main	;jump to C main() function
   107                           
   108                           	psect	dataCOMRAM
   109   000008                     __pdataCOMRAM:
   110                           	callstack 0
   111   000008                     _timerOverflowCount:
   112                           	callstack 0
   113   000008                     	ds	2
   114                           
   115                           	psect	cstackCOMRAM
   116   000001                     __pcstackCOMRAM:
   117                           	callstack 0
   118   000001                     ?_debounceButton:
   119                           	callstack 0
   120   000001                     ?___awmod:
   121                           	callstack 0
   122   000001                     turnOnLED@ledNumber:
   123                           	callstack 0
   124   000001                     ___awmod@dividend:
   125                           	callstack 0
   126                           
   127                           ; 2 bytes @ 0x0
   128   000001                     	ds	2
   129   000003                     ??_turnOnLED:
   130   000003                     ??_debounceButton:
   131   000003                     ___awmod@divisor:
   132                           	callstack 0
   133                           
   134                           ; 2 bytes @ 0x2
   135   000003                     	ds	2
   136   000005                     ___awmod@counter:
   137                           	callstack 0
   138                           
   139                           ; 1 bytes @ 0x4
   140   000005                     	ds	1
   141   000006                     ___awmod@sign:
   142                           	callstack 0
   143                           
   144                           ; 1 bytes @ 0x5
   145   000006                     	ds	1
   146   000007                     ??_isr:
   147                           
   148                           ; 1 bytes @ 0x6
   149   000007                     	ds	1
   150   000008                     
   151                           ; 1 bytes @ 0x7
   152 ;;
   153 ;;Main: autosize = 0, tempsize = 0, incstack = 0, save=0
   154 ;;
   155 ;; *************** function _main *****************
   156 ;; Defined at:
   157 ;;		line 131 in file "main.c"
   158 ;; Parameters:    Size  Location     Type
   159 ;;		None
   160 ;; Auto vars:     Size  Location     Type
   161 ;;		None
   162 ;; Return value:  Size  Location     Type
   163 ;;                  2   50[None  ] int 
   164 ;; Registers used:
   165 ;;		wreg, status,2, cstack
   166 ;; Tracked objects:
   167 ;;		On entry : 0/0
   168 ;;		On exit  : 0/0
   169 ;;		Unchanged: 0/0
   170 ;; Data sizes:     COMRAM   BANK0   BANK1   BANK2   BANK3   BANK4   BANK5   BANK6   BANK7   BANK8   BANK9  BANK10  BANK1
      +1  BANK12  BANK13  BANK14  BANK15
   171 ;;      Params:         0       0       0       0       0       0       0       0       0       0       0       0       
      +0       0       0       0       0
   172 ;;      Locals:         0       0       0       0       0       0       0       0       0       0       0       0       
      +0       0       0       0       0
   173 ;;      Temps:          0       0       0       0       0       0       0       0       0       0       0       0       
      +0       0       0       0       0
   174 ;;      Totals:         0       0       0       0       0       0       0       0       0       0       0       0       
      +0       0       0       0       0
   175 ;;Total ram usage:        0 bytes
   176 ;; Hardware stack levels required when called: 4
   177 ;; This function calls:
   178 ;;		_initButton
   179 ;;		_initTimer0
   180 ;;		_turnOffLEDs
   181 ;; This function is called by:
   182 ;;		Startup code after reset
   183 ;; This function uses a non-reentrant model
   184 ;;
   185                           
   186                           	psect	text0
   187   001154                     __ptext0:
   188                           	callstack 0
   189   001154                     _main:
   190                           	callstack 27
   191   001154  0000               	nop	
   192   001156  8093               	bsf	147,0,c	;volatile
   193   001158  9293               	bcf	147,1,c	;volatile
   194   00115A  9493               	bcf	147,2,c	;volatile
   195   00115C  9693               	bcf	147,3,c	;volatile
   196   00115E  ECC9  F008         	call	_turnOffLEDs	;wreg free
   197   001162  ECBA  F008         	call	_initTimer0	;wreg free
   198   001166  ECC3  F008         	call	_initButton	;wreg free
   199   00116A                     l836:
   200   00116A  0000               	nop	
   201   00116C  EFB5  F008         	goto	l836
   202   001170  EF45  F000         	goto	start
   203   001174                     __end_of_main:
   204                           	callstack 0
   205                           
   206 ;; *************** function _turnOffLEDs *****************
   207 ;; Defined at:
   208 ;;		line 87 in file "main.c"
   209 ;; Parameters:    Size  Location     Type
   210 ;;		None
   211 ;; Auto vars:     Size  Location     Type
   212 ;;		None
   213 ;; Return value:  Size  Location     Type
   214 ;;                  1    wreg      void 
   215 ;; Registers used:
   216 ;;		None
   217 ;; Tracked objects:
   218 ;;		On entry : 0/0
   219 ;;		On exit  : 0/0
   220 ;;		Unchanged: 0/0
   221 ;; Data sizes:     COMRAM   BANK0   BANK1   BANK2   BANK3   BANK4   BANK5   BANK6   BANK7   BANK8   BANK9  BANK10  BANK1
      +1  BANK12  BANK13  BANK14  BANK15
   222 ;;      Params:         0       0       0       0       0       0       0       0       0       0       0       0       
      +0       0       0       0       0
   223 ;;      Locals:         0       0       0       0       0       0       0       0       0       0       0       0       
      +0       0       0       0       0
   224 ;;      Temps:          0       0       0       0       0       0       0       0       0       0       0       0       
      +0       0       0       0       0
   225 ;;      Totals:         0       0       0       0       0       0       0       0       0       0       0       0       
      +0       0       0       0       0
   226 ;;Total ram usage:        0 bytes
   227 ;; Hardware stack levels used: 1
   228 ;; Hardware stack levels required when called: 3
   229 ;; This function calls:
   230 ;;		Nothing
   231 ;; This function is called by:
   232 ;;		_main
   233 ;; This function uses a non-reentrant model
   234 ;;
   235                           
   236                           	psect	text1
   237   001192                     __ptext1:
   238                           	callstack 0
   239   001192                     _turnOffLEDs:
   240                           	callstack 27
   241   001192  928A               	bcf	138,1,c	;volatile
   242   001194  948A               	bcf	138,2,c	;volatile
   243   001196  968A               	bcf	138,3,c	;volatile
   244   001198  0012               	return		;funcret
   245   00119A                     __end_of_turnOffLEDs:
   246                           	callstack 0
   247                           
   248 ;; *************** function _initTimer0 *****************
   249 ;; Defined at:
   250 ;;		line 5 in file "timer0.c"
   251 ;; Parameters:    Size  Location     Type
   252 ;;		None
   253 ;; Auto vars:     Size  Location     Type
   254 ;;		None
   255 ;; Return value:  Size  Location     Type
   256 ;;                  1    wreg      void 
   257 ;; Registers used:
   258 ;;		wreg, status,2
   259 ;; Tracked objects:
   260 ;;		On entry : 0/0
   261 ;;		On exit  : 0/0
   262 ;;		Unchanged: 0/0
   263 ;; Data sizes:     COMRAM   BANK0   BANK1   BANK2   BANK3   BANK4   BANK5   BANK6   BANK7   BANK8   BANK9  BANK10  BANK1
      +1  BANK12  BANK13  BANK14  BANK15
   264 ;;      Params:         0       0       0       0       0       0       0       0       0       0       0       0       
      +0       0       0       0       0
   265 ;;      Locals:         0       0       0       0       0       0       0       0       0       0       0       0       
      +0       0       0       0       0
   266 ;;      Temps:          0       0       0       0       0       0       0       0       0       0       0       0       
      +0       0       0       0       0
   267 ;;      Totals:         0       0       0       0       0       0       0       0       0       0       0       0       
      +0       0       0       0       0
   268 ;;Total ram usage:        0 bytes
   269 ;; Hardware stack levels used: 1
   270 ;; Hardware stack levels required when called: 3
   271 ;; This function calls:
   272 ;;		Nothing
   273 ;; This function is called by:
   274 ;;		_main
   275 ;; This function uses a non-reentrant model
   276 ;;
   277                           
   278                           	psect	text2
   279   001174                     __ptext2:
   280                           	callstack 0
   281   001174                     _initTimer0:
   282                           	callstack 27
   283   001174                     
   284                           ;timer0.c: 6:     T0CON = 0b10000011;
   285   001174  0E83               	movlw	131
   286   001176  6ED5               	movwf	213,c	;volatile
   287                           
   288                           ;timer0.c: 7:     TMR0L = 49911 & 0xFF;
   289   001178  0EF7               	movlw	247
   290   00117A  6ED6               	movwf	214,c	;volatile
   291                           
   292                           ;timer0.c: 8:     TMR0H = (49911 >> 8) & 0xFF;
   293   00117C  0EC2               	movlw	194
   294   00117E  6ED7               	movwf	215,c	;volatile
   295   001180                     
   296                           ;timer0.c: 9:     INTCONbits.TMR0IF = 0;
   297   001180  94F2               	bcf	242,2,c	;volatile
   298   001182                     
   299                           ;timer0.c: 10:     INTCONbits.TMR0IE = 1;
   300   001182  8AF2               	bsf	242,5,c	;volatile
   301   001184  0012               	return		;funcret
   302   001186                     __end_of_initTimer0:
   303                           	callstack 0
   304                           
   305 ;; *************** function _initButton *****************
   306 ;; Defined at:
   307 ;;		line 4 in file "button.c"
   308 ;; Parameters:    Size  Location     Type
   309 ;;		None
   310 ;; Auto vars:     Size  Location     Type
   311 ;;		None
   312 ;; Return value:  Size  Location     Type
   313 ;;                  1    wreg      void 
   314 ;; Registers used:
   315 ;;		None
   316 ;; Tracked objects:
   317 ;;		On entry : 0/0
   318 ;;		On exit  : 0/0
   319 ;;		Unchanged: 0/0
   320 ;; Data sizes:     COMRAM   BANK0   BANK1   BANK2   BANK3   BANK4   BANK5   BANK6   BANK7   BANK8   BANK9  BANK10  BANK1
      +1  BANK12  BANK13  BANK14  BANK15
   321 ;;      Params:         0       0       0       0       0       0       0       0       0       0       0       0       
      +0       0       0       0       0
   322 ;;      Locals:         0       0       0       0       0       0       0       0       0       0       0       0       
      +0       0       0       0       0
   323 ;;      Temps:          0       0       0       0       0       0       0       0       0       0       0       0       
      +0       0       0       0       0
   324 ;;      Totals:         0       0       0       0       0       0       0       0       0       0       0       0       
      +0       0       0       0       0
   325 ;;Total ram usage:        0 bytes
   326 ;; Hardware stack levels used: 1
   327 ;; Hardware stack levels required when called: 3
   328 ;; This function calls:
   329 ;;		Nothing
   330 ;; This function is called by:
   331 ;;		_main
   332 ;; This function uses a non-reentrant model
   333 ;;
   334                           
   335                           	psect	text3
   336   001186                     __ptext3:
   337                           	callstack 0
   338   001186                     _initButton:
   339                           	callstack 27
   340   001186                     
   341                           ;button.c: 5:     TRISBbits.TRISB0 = 1;
   342   001186  8093               	bsf	147,0,c	;volatile
   343                           
   344                           ;button.c: 6:     INTCONbits.INT0IE = 1;
   345   001188  88F2               	bsf	242,4,c	;volatile
   346                           
   347                           ;button.c: 7:     INTCON2bits.INTEDG0 = 0;
   348   00118A  9CF1               	bcf	241,6,c	;volatile
   349                           
   350                           ;button.c: 8:     INTCONbits.INT0IF = 0;
   351   00118C  92F2               	bcf	242,1,c	;volatile
   352                           
   353                           ;button.c: 9:     INTCONbits.GIE = 1;
   354   00118E  8EF2               	bsf	242,7,c	;volatile
   355   001190  0012               	return		;funcret
   356   001192                     __end_of_initButton:
   357                           	callstack 0
   358                           
   359 ;; *************** function _isr *****************
   360 ;; Defined at:
   361 ;;		line 117 in file "main.c"
   362 ;; Parameters:    Size  Location     Type
   363 ;;		None
   364 ;; Auto vars:     Size  Location     Type
   365 ;;		None
   366 ;; Return value:  Size  Location     Type
   367 ;;                  1    wreg      void 
   368 ;; Registers used:
   369 ;;		wreg, status,2, status,0, cstack
   370 ;; Tracked objects:
   371 ;;		On entry : 0/0
   372 ;;		On exit  : 0/0
   373 ;;		Unchanged: 0/0
   374 ;; Data sizes:     COMRAM   BANK0   BANK1   BANK2   BANK3   BANK4   BANK5   BANK6   BANK7   BANK8   BANK9  BANK10  BANK1
      +1  BANK12  BANK13  BANK14  BANK15
   375 ;;      Params:         0       0       0       0       0       0       0       0       0       0       0       0       
      +0       0       0       0       0
   376 ;;      Locals:         0       0       0       0       0       0       0       0       0       0       0       0       
      +0       0       0       0       0
   377 ;;      Temps:          1       0       0       0       0       0       0       0       0       0       0       0       
      +0       0       0       0       0
   378 ;;      Totals:         1       0       0       0       0       0       0       0       0       0       0       0       
      +0       0       0       0       0
   379 ;;Total ram usage:        1 bytes
   380 ;; Hardware stack levels used: 1
   381 ;; Hardware stack levels required when called: 2
   382 ;; This function calls:
   383 ;;		___awmod
   384 ;;		_debounceButton
   385 ;;		_turnOnLED
   386 ;; This function is called by:
   387 ;;		Interrupt level 2
   388 ;; This function uses a non-reentrant model
   389 ;;
   390                           
   391                           	psect	intcode
   392   000008                     __pintcode:
   393                           	callstack 0
   394   000008                     _isr:
   395                           	callstack 27
   396                           
   397                           ;incstack = 0
   398   000008  820A               	bsf	int$flags,1,c	;set compiler interrupt flag (level 2)
   399   00000A  EC81  F008         	call	_debounceButton	;wreg free
   400   00000E  5001               	movf	?_debounceButton^0,w,c
   401   000010  1002               	iorwf	(?_debounceButton+1)^0,w,c
   402   000012  A4D8               	btfss	status,2,c
   403   000014  EF0E  F000         	goto	i2u19_41
   404   000018  EF10  F000         	goto	i2u19_40
   405   00001C                     i2u19_41:
   406   00001C  EF21  F000         	goto	i2l898
   407   000020                     i2u19_40:
   408   000020  AED5               	btfss	213,7,c	;volatile
   409   000022  EF15  F000         	goto	i2u20_41
   410   000026  EF19  F000         	goto	i2u20_40
   411   00002A                     i2u20_41:
   412   00002A  6A07               	clrf	??_isr^0,c
   413   00002C  2A07               	incf	??_isr^0,f,c
   414   00002E  EF1A  F000         	goto	i2u21_48
   415   000032                     i2u20_40:
   416   000032  6A07               	clrf	??_isr^0,c
   417   000034                     i2u21_48:
   418   000034  3207               	rrcf	??_isr^0,f,c
   419   000036  3207               	rrcf	??_isr^0,f,c
   420   000038  50D5               	movf	213,w,c	;volatile
   421   00003A  1807               	xorwf	??_isr^0,w,c
   422   00003C  0B7F               	andlw	-129
   423   00003E  1807               	xorwf	??_isr^0,w,c
   424   000040  6ED5               	movwf	213,c	;volatile
   425   000042                     i2l898:
   426   000042  A4F2               	btfss	242,2,c	;volatile
   427   000044  EF26  F000         	goto	i2u22_41
   428   000048  EF28  F000         	goto	i2u22_40
   429   00004C                     i2u22_41:
   430   00004C  EF43  F000         	goto	i2l46
   431   000050                     i2u22_40:
   432   000050  94F2               	bcf	242,2,c	;volatile
   433   000052  0EF7               	movlw	247
   434   000054  6ED6               	movwf	214,c	;volatile
   435   000056  0EC2               	movlw	194
   436   000058  6ED7               	movwf	215,c	;volatile
   437   00005A  0E01               	movlw	1
   438   00005C  2408               	addwf	_timerOverflowCount^0,w,c	;volatile
   439   00005E  6E01               	movwf	___awmod@dividend^0,c
   440   000060  0E00               	movlw	0
   441   000062  2009               	addwfc	(_timerOverflowCount+1)^0,w,c	;volatile
   442   000064  6E02               	movwf	(___awmod@dividend+1)^0,c
   443   000066  0E00               	movlw	0
   444   000068  6E04               	movwf	(___awmod@divisor+1)^0,c
   445   00006A  0E03               	movlw	3
   446   00006C  6E03               	movwf	___awmod@divisor^0,c
   447   00006E  EC01  F008         	call	___awmod	;wreg free
   448   000072  C001  F008         	movff	?___awmod,_timerOverflowCount	;volatile
   449   000076  C002  F009         	movff	?___awmod+1,_timerOverflowCount+1	;volatile
   450   00007A  C008  F001         	movff	_timerOverflowCount,turnOnLED@ledNumber	;volatile
   451   00007E  C009  F002         	movff	_timerOverflowCount+1,turnOnLED@ledNumber+1	;volatile
   452   000082  EC59  F008         	call	_turnOnLED	;wreg free
   453   000086                     i2l46:
   454   000086  920A               	bcf	int$flags,1,c	;clear compiler interrupt flag (level 2)
   455   000088  0011               	retfie		f
   456   00008A                     __end_of_isr:
   457                           	callstack 0
   458                           
   459 ;; *************** function _turnOnLED *****************
   460 ;; Defined at:
   461 ;;		line 93 in file "main.c"
   462 ;; Parameters:    Size  Location     Type
   463 ;;  ledNumber       2    0[COMRAM] int 
   464 ;; Auto vars:     Size  Location     Type
   465 ;;		None
   466 ;; Return value:  Size  Location     Type
   467 ;;                  1    wreg      void 
   468 ;; Registers used:
   469 ;;		wreg, status,2, status,0, cstack
   470 ;; Tracked objects:
   471 ;;		On entry : 0/0
   472 ;;		On exit  : 0/0
   473 ;;		Unchanged: 0/0
   474 ;; Data sizes:     COMRAM   BANK0   BANK1   BANK2   BANK3   BANK4   BANK5   BANK6   BANK7   BANK8   BANK9  BANK10  BANK1
      +1  BANK12  BANK13  BANK14  BANK15
   475 ;;      Params:         2       0       0       0       0       0       0       0       0       0       0       0       
      +0       0       0       0       0
   476 ;;      Locals:         0       0       0       0       0       0       0       0       0       0       0       0       
      +0       0       0       0       0
   477 ;;      Temps:          2       0       0       0       0       0       0       0       0       0       0       0       
      +0       0       0       0       0
   478 ;;      Totals:         4       0       0       0       0       0       0       0       0       0       0       0       
      +0       0       0       0       0
   479 ;;Total ram usage:        4 bytes
   480 ;; Hardware stack levels used: 1
   481 ;; Hardware stack levels required when called: 1
   482 ;; This function calls:
   483 ;;		i2_turnOffLEDs
   484 ;; This function is called by:
   485 ;;		_isr
   486 ;; This function uses a non-reentrant model
   487 ;;
   488                           
   489                           	psect	text5
   490   0010B2                     __ptext5:
   491                           	callstack 0
   492   0010B2                     _turnOnLED:
   493                           	callstack 27
   494   0010B2  ECCD  F008         	call	i2_turnOffLEDs	;wreg free
   495   0010B6  EF66  F008         	goto	i2l846
   496   0010BA                     i2l31:
   497   0010BA  828A               	bsf	138,1,c	;volatile
   498   0010BC  EF80  F008         	goto	i2l36
   499   0010C0                     i2l33:
   500   0010C0  848A               	bsf	138,2,c	;volatile
   501   0010C2  EF80  F008         	goto	i2l36
   502   0010C6                     i2l34:
   503   0010C6  868A               	bsf	138,3,c	;volatile
   504   0010C8  EF80  F008         	goto	i2l36
   505   0010CC                     i2l846:
   506   0010CC  C001  F003         	movff	turnOnLED@ledNumber,??_turnOnLED
   507   0010D0  C002  F004         	movff	turnOnLED@ledNumber+1,??_turnOnLED+1
   508                           
   509                           ; Switch on 2 bytes has been partitioned into a top level switch of size 1, and 1 sub-sw
      +                          itches
   510                           ; Switch size 1, requested type "simple"
   511                           ; Number of cases is 1, Range of values is 0 to 0
   512                           ; switch strategies available:
   513                           ; Name         Instructions Cycles
   514                           ; simple_byte            4     3 (average)
   515                           ;	Chosen strategy is simple_byte
   516   0010D4  5004               	movf	(??_turnOnLED+1)^0,w,c
   517   0010D6  0A00               	xorlw	0	; case 0
   518   0010D8  B4D8               	btfsc	status,2,c
   519   0010DA  EF71  F008         	goto	i2l912
   520   0010DE  EF80  F008         	goto	i2l36
   521   0010E2                     i2l912:
   522                           
   523                           ; Switch size 1, requested type "simple"
   524                           ; Number of cases is 3, Range of values is 0 to 2
   525                           ; switch strategies available:
   526                           ; Name         Instructions Cycles
   527                           ; simple_byte           10     6 (average)
   528                           ;	Chosen strategy is simple_byte
   529   0010E2  5003               	movf	??_turnOnLED^0,w,c
   530   0010E4  0A00               	xorlw	0	; case 0
   531   0010E6  B4D8               	btfsc	status,2,c
   532   0010E8  EF5D  F008         	goto	i2l31
   533   0010EC  0A01               	xorlw	1	; case 1
   534   0010EE  B4D8               	btfsc	status,2,c
   535   0010F0  EF60  F008         	goto	i2l33
   536   0010F4  0A03               	xorlw	3	; case 2
   537   0010F6  B4D8               	btfsc	status,2,c
   538   0010F8  EF63  F008         	goto	i2l34
   539   0010FC  EF80  F008         	goto	i2l36
   540   001100                     i2l36:
   541   001100  0012               	return		;funcret
   542   001102                     __end_of_turnOnLED:
   543                           	callstack 0
   544                           
   545 ;; *************** function i2_turnOffLEDs *****************
   546 ;; Defined at:
   547 ;;		line 87 in file "main.c"
   548 ;; Parameters:    Size  Location     Type
   549 ;;		None
   550 ;; Auto vars:     Size  Location     Type
   551 ;;		None
   552 ;; Return value:  Size  Location     Type
   553 ;;                  1    wreg      void 
   554 ;; Registers used:
   555 ;;		None
   556 ;; Tracked objects:
   557 ;;		On entry : 0/0
   558 ;;		On exit  : 0/0
   559 ;;		Unchanged: 0/0
   560 ;; Data sizes:     COMRAM   BANK0   BANK1   BANK2   BANK3   BANK4   BANK5   BANK6   BANK7   BANK8   BANK9  BANK10  BANK1
      +1  BANK12  BANK13  BANK14  BANK15
   561 ;;      Params:         0       0       0       0       0       0       0       0       0       0       0       0       
      +0       0       0       0       0
   562 ;;      Locals:         0       0       0       0       0       0       0       0       0       0       0       0       
      +0       0       0       0       0
   563 ;;      Temps:          0       0       0       0       0       0       0       0       0       0       0       0       
      +0       0       0       0       0
   564 ;;      Totals:         0       0       0       0       0       0       0       0       0       0       0       0       
      +0       0       0       0       0
   565 ;;Total ram usage:        0 bytes
   566 ;; Hardware stack levels used: 1
   567 ;; This function calls:
   568 ;;		Nothing
   569 ;; This function is called by:
   570 ;;		_turnOnLED
   571 ;; This function uses a non-reentrant model
   572 ;;
   573                           
   574                           	psect	text6
   575   00119A                     __ptext6:
   576                           	callstack 0
   577   00119A                     i2_turnOffLEDs:
   578                           	callstack 27
   579   00119A  928A               	bcf	138,1,c	;volatile
   580   00119C  948A               	bcf	138,2,c	;volatile
   581   00119E  968A               	bcf	138,3,c	;volatile
   582   0011A0  0012               	return		;funcret
   583   0011A2                     __end_ofi2_turnOffLEDs:
   584                           	callstack 0
   585                           
   586 ;; *************** function _debounceButton *****************
   587 ;; Defined at:
   588 ;;		line 112 in file "main.c"
   589 ;; Parameters:    Size  Location     Type
   590 ;;		None
   591 ;; Auto vars:     Size  Location     Type
   592 ;;		None
   593 ;; Return value:  Size  Location     Type
   594 ;;                  2    0[COMRAM] int 
   595 ;; Registers used:
   596 ;;		wreg, status,2
   597 ;; Tracked objects:
   598 ;;		On entry : 0/0
   599 ;;		On exit  : 0/0
   600 ;;		Unchanged: 0/0
   601 ;; Data sizes:     COMRAM   BANK0   BANK1   BANK2   BANK3   BANK4   BANK5   BANK6   BANK7   BANK8   BANK9  BANK10  BANK1
      +1  BANK12  BANK13  BANK14  BANK15
   602 ;;      Params:         2       0       0       0       0       0       0       0       0       0       0       0       
      +0       0       0       0       0
   603 ;;      Locals:         0       0       0       0       0       0       0       0       0       0       0       0       
      +0       0       0       0       0
   604 ;;      Temps:          1       0       0       0       0       0       0       0       0       0       0       0       
      +0       0       0       0       0
   605 ;;      Totals:         3       0       0       0       0       0       0       0       0       0       0       0       
      +0       0       0       0       0
   606 ;;Total ram usage:        3 bytes
   607 ;; Hardware stack levels used: 1
   608 ;; This function calls:
   609 ;;		Nothing
   610 ;; This function is called by:
   611 ;;		_isr
   612 ;; This function uses a non-reentrant model
   613 ;;
   614                           
   615                           	psect	text7
   616   001102                     __ptext7:
   617                           	callstack 0
   618   001102                     _debounceButton:
   619                           	callstack 28
   620   001102  0E07               	movlw	7
   621   001104  6E03               	movwf	??_debounceButton^0,c
   622   001106  0E7D               	movlw	125
   623   001108                     i2u23_47:
   624   001108  2EE8               	decfsz	wreg,f,c
   625   00110A  D7FE               	bra	i2u23_47
   626   00110C  2E03               	decfsz	??_debounceButton^0,f,c
   627   00110E  D7FC               	bra	i2u23_47
   628   001110  0000               	nop	
   629   001112  B081               	btfsc	129,0,c	;volatile
   630   001114  EF8E  F008         	goto	i2u12_41
   631   001118  EF92  F008         	goto	i2u12_40
   632   00111C                     i2u12_41:
   633   00111C  6A03               	clrf	??_debounceButton^0,c
   634   00111E  2A03               	incf	??_debounceButton^0,f,c
   635   001120  EF93  F008         	goto	i2u12_48
   636   001124                     i2u12_40:
   637   001124  6A03               	clrf	??_debounceButton^0,c
   638   001126                     i2u12_48:
   639   001126  5003               	movf	??_debounceButton^0,w,c
   640   001128  6E01               	movwf	?_debounceButton^0,c
   641   00112A  6A02               	clrf	(?_debounceButton+1)^0,c
   642   00112C  0012               	return		;funcret
   643   00112E                     __end_of_debounceButton:
   644                           	callstack 0
   645                           
   646 ;; *************** function ___awmod *****************
   647 ;; Defined at:
   648 ;;		line 7 in file "C:\Program Files\Microchip\xc8\v2.45\pic\sources\c99\common\awmod.c"
   649 ;; Parameters:    Size  Location     Type
   650 ;;  dividend        2    0[COMRAM] int 
   651 ;;  divisor         2    2[COMRAM] int 
   652 ;; Auto vars:     Size  Location     Type
   653 ;;  sign            1    5[COMRAM] unsigned char 
   654 ;;  counter         1    4[COMRAM] unsigned char 
   655 ;; Return value:  Size  Location     Type
   656 ;;                  2    0[COMRAM] int 
   657 ;; Registers used:
   658 ;;		wreg, status,2, status,0
   659 ;; Tracked objects:
   660 ;;		On entry : 0/0
   661 ;;		On exit  : 0/0
   662 ;;		Unchanged: 0/0
   663 ;; Data sizes:     COMRAM   BANK0   BANK1   BANK2   BANK3   BANK4   BANK5   BANK6   BANK7   BANK8   BANK9  BANK10  BANK1
      +1  BANK12  BANK13  BANK14  BANK15
   664 ;;      Params:         4       0       0       0       0       0       0       0       0       0       0       0       
      +0       0       0       0       0
   665 ;;      Locals:         2       0       0       0       0       0       0       0       0       0       0       0       
      +0       0       0       0       0
   666 ;;      Temps:          0       0       0       0       0       0       0       0       0       0       0       0       
      +0       0       0       0       0
   667 ;;      Totals:         6       0       0       0       0       0       0       0       0       0       0       0       
      +0       0       0       0       0
   668 ;;Total ram usage:        6 bytes
   669 ;; Hardware stack levels used: 1
   670 ;; This function calls:
   671 ;;		Nothing
   672 ;; This function is called by:
   673 ;;		_isr
   674 ;; This function uses a non-reentrant model
   675 ;;
   676                           
   677                           	psect	text8
   678   001002                     __ptext8:
   679                           	callstack 0
   680   001002                     ___awmod:
   681                           	callstack 28
   682   001002  0E00               	movlw	0
   683   001004  6E06               	movwf	___awmod@sign^0,c
   684   001006  BE02               	btfsc	(___awmod@dividend+1)^0,7,c
   685   001008  EF0A  F008         	goto	i2u13_40
   686   00100C  EF08  F008         	goto	i2u13_41
   687   001010                     i2u13_41:
   688   001010  EF10  F008         	goto	i2l866
   689   001014                     i2u13_40:
   690   001014  6C01               	negf	___awmod@dividend^0,c
   691   001016  1E02               	comf	(___awmod@dividend+1)^0,f,c
   692   001018  B0D8               	btfsc	status,0,c
   693   00101A  2A02               	incf	(___awmod@dividend+1)^0,f,c
   694   00101C  0E01               	movlw	1
   695   00101E  6E06               	movwf	___awmod@sign^0,c
   696   001020                     i2l866:
   697   001020  BE04               	btfsc	(___awmod@divisor+1)^0,7,c
   698   001022  EF17  F008         	goto	i2u14_40
   699   001026  EF15  F008         	goto	i2u14_41
   700   00102A                     i2u14_41:
   701   00102A  EF1B  F008         	goto	i2l870
   702   00102E                     i2u14_40:
   703   00102E  6C03               	negf	___awmod@divisor^0,c
   704   001030  1E04               	comf	(___awmod@divisor+1)^0,f,c
   705   001032  B0D8               	btfsc	status,0,c
   706   001034  2A04               	incf	(___awmod@divisor+1)^0,f,c
   707   001036                     i2l870:
   708   001036  5003               	movf	___awmod@divisor^0,w,c
   709   001038  1004               	iorwf	(___awmod@divisor+1)^0,w,c
   710   00103A  B4D8               	btfsc	status,2,c
   711   00103C  EF22  F008         	goto	i2u15_41
   712   001040  EF24  F008         	goto	i2u15_40
   713   001044                     i2u15_41:
   714   001044  EF48  F008         	goto	i2l886
   715   001048                     i2u15_40:
   716   001048  0E01               	movlw	1
   717   00104A  6E05               	movwf	___awmod@counter^0,c
   718   00104C  EF2C  F008         	goto	i2l876
   719   001050                     i2l874:
   720   001050  90D8               	bcf	status,0,c
   721   001052  3603               	rlcf	___awmod@divisor^0,f,c
   722   001054  3604               	rlcf	(___awmod@divisor+1)^0,f,c
   723   001056  2A05               	incf	___awmod@counter^0,f,c
   724   001058                     i2l876:
   725   001058  AE04               	btfss	(___awmod@divisor+1)^0,7,c
   726   00105A  EF31  F008         	goto	i2u16_41
   727   00105E  EF33  F008         	goto	i2u16_40
   728   001062                     i2u16_41:
   729   001062  EF28  F008         	goto	i2l874
   730   001066                     i2u16_40:
   731   001066                     i2l878:
   732   001066  5003               	movf	___awmod@divisor^0,w,c
   733   001068  5C01               	subwf	___awmod@dividend^0,w,c
   734   00106A  5004               	movf	(___awmod@divisor+1)^0,w,c
   735   00106C  5802               	subwfb	(___awmod@dividend+1)^0,w,c
   736   00106E  A0D8               	btfss	status,0,c
   737   001070  EF3C  F008         	goto	i2u17_41
   738   001074  EF3E  F008         	goto	i2u17_40
   739   001078                     i2u17_41:
   740   001078  EF42  F008         	goto	i2l882
   741   00107C                     i2u17_40:
   742   00107C  5003               	movf	___awmod@divisor^0,w,c
   743   00107E  5E01               	subwf	___awmod@dividend^0,f,c
   744   001080  5004               	movf	(___awmod@divisor+1)^0,w,c
   745   001082  5A02               	subwfb	(___awmod@dividend+1)^0,f,c
   746   001084                     i2l882:
   747   001084  90D8               	bcf	status,0,c
   748   001086  3204               	rrcf	(___awmod@divisor+1)^0,f,c
   749   001088  3203               	rrcf	___awmod@divisor^0,f,c
   750   00108A  2E05               	decfsz	___awmod@counter^0,f,c
   751   00108C  EF33  F008         	goto	i2l878
   752   001090                     i2l886:
   753   001090  5006               	movf	___awmod@sign^0,w,c
   754   001092  B4D8               	btfsc	status,2,c
   755   001094  EF4E  F008         	goto	i2u18_41
   756   001098  EF50  F008         	goto	i2u18_40
   757   00109C                     i2u18_41:
   758   00109C  EF54  F008         	goto	i2l890
   759   0010A0                     i2u18_40:
   760   0010A0  6C01               	negf	___awmod@dividend^0,c
   761   0010A2  1E02               	comf	(___awmod@dividend+1)^0,f,c
   762   0010A4  B0D8               	btfsc	status,0,c
   763   0010A6  2A02               	incf	(___awmod@dividend+1)^0,f,c
   764   0010A8                     i2l890:
   765   0010A8  C001  F001         	movff	___awmod@dividend,?___awmod
   766   0010AC  C002  F002         	movff	___awmod@dividend+1,?___awmod+1
   767   0010B0  0012               	return		;funcret
   768   0010B2                     __end_of___awmod:
   769                           	callstack 0
   770                           
   771                           	psect	smallconst
   772   001000                     __psmallconst:
   773                           	callstack 0
   774   001000  00                 	db	0
   775   001001  00                 	db	0	; dummy byte at the end
   776   000000                     
   777                           	psect	rparam
   778   000000                     
   779                           	psect	temp
   780   00000A                     btemp:
   781                           	callstack 0
   782   00000A                     	ds	1
   783   000000                     int$flags	set	btemp
   784   000000                     wtemp8	set	btemp+1
   785   000000                     ttemp5	set	btemp+1
   786   000000                     ttemp6	set	btemp+4
   787   000000                     ttemp7	set	btemp+8
   788                           
   789                           	psect	config
   790                           
   791                           ; Padding undefined space
   792   300000                     	org	3145728
   793   300000  FF                 	db	255
   794                           
   795                           ;Config register CONFIG1H @ 0x300001
   796                           ;	Oscillator Selection bits
   797                           ;	FOSC = INTIO7, Internal oscillator block, CLKOUT function on OSC2
   798                           ;	4X PLL Enable
   799                           ;	PLLCFG = OFF, Oscillator used directly
   800                           ;	Primary clock enable bit
   801                           ;	PRICLKEN = ON, Primary clock is always enabled
   802                           ;	Fail-Safe Clock Monitor Enable bit
   803                           ;	FCMEN = OFF, Fail-Safe Clock Monitor disabled
   804                           ;	Internal/External Oscillator Switchover bit
   805                           ;	IESO = OFF, Oscillator Switchover mode disabled
   806   300001                     	org	3145729
   807   300001  29                 	db	41
   808                           
   809                           ;Config register CONFIG2L @ 0x300002
   810                           ;	Power-up Timer Enable bit
   811                           ;	PWRTEN = OFF, Power up timer disabled
   812                           ;	Brown-out Reset Enable bits
   813                           ;	BOREN = SBORDIS, Brown-out Reset enabled in hardware only (SBOREN is disabled)
   814                           ;	Brown Out Reset Voltage bits
   815                           ;	BORV = 190, VBOR set to 1.90 V nominal
   816   300002                     	org	3145730
   817   300002  1F                 	db	31
   818                           
   819                           ;Config register CONFIG2H @ 0x300003
   820                           ;	Watchdog Timer Enable bits
   821                           ;	WDTEN = OFF, Watch dog timer is always disabled. SWDTEN has no effect.
   822                           ;	Watchdog Timer Postscale Select bits
   823                           ;	WDTPS = 32768, 1:32768
   824   300003                     	org	3145731
   825   300003  3C                 	db	60
   826                           
   827                           ; Padding undefined space
   828   300004                     	org	3145732
   829   300004  FF                 	db	255
   830                           
   831                           ;Config register CONFIG3H @ 0x300005
   832                           ;	CCP2 MUX bit
   833                           ;	CCP2MX = PORTC1, CCP2 input/output is multiplexed with RC1
   834                           ;	PORTB A/D Enable bit
   835                           ;	PBADEN = OFF, PORTB<5:0> pins are configured as digital I/O on Reset
   836                           ;	P3A/CCP3 Mux bit
   837                           ;	CCP3MX = PORTB5, P3A/CCP3 input/output is multiplexed with RB5
   838                           ;	HFINTOSC Fast Start-up
   839                           ;	HFOFST = ON, HFINTOSC output and ready status are not delayed by the oscillator stable
      +                           status
   840                           ;	Timer3 Clock input mux bit
   841                           ;	T3CMX = PORTC0, T3CKI is on RC0
   842                           ;	ECCP2 B output mux bit
   843                           ;	P2BMX = PORTD2, P2B is on RD2
   844                           ;	MCLR Pin Enable bit
   845                           ;	MCLRE = EXTMCLR, MCLR pin enabled, RE3 input pin disabled
   846   300005                     	org	3145733
   847   300005  BD                 	db	189
   848                           
   849                           ;Config register CONFIG4L @ 0x300006
   850                           ;	Stack Full/Underflow Reset Enable bit
   851                           ;	STVREN = ON, Stack full/underflow will cause Reset
   852                           ;	Single-Supply ICSP Enable bit
   853                           ;	LVP = ON, Single-Supply ICSP enabled if MCLRE is also 1
   854                           ;	Extended Instruction Set Enable bit
   855                           ;	XINST = OFF, Instruction set extension and Indexed Addressing mode disabled (Legacy mo
      +                          de)
   856                           ;	Background Debug
   857                           ;	DEBUG = 0x1, unprogrammed default
   858   300006                     	org	3145734
   859   300006  85                 	db	133
   860                           
   861                           ; Padding undefined space
   862   300007                     	org	3145735
   863   300007  FF                 	db	255
   864                           
   865                           ;Config register CONFIG5L @ 0x300008
   866                           ;	Code Protection Block 0
   867                           ;	CP0 = OFF, Block 0 (000800-003FFFh) not code-protected
   868                           ;	Code Protection Block 1
   869                           ;	CP1 = OFF, Block 1 (004000-007FFFh) not code-protected
   870                           ;	Code Protection Block 2
   871                           ;	CP2 = OFF, Block 2 (008000-00BFFFh) not code-protected
   872                           ;	Code Protection Block 3
   873                           ;	CP3 = OFF, Block 3 (00C000-00FFFFh) not code-protected
   874   300008                     	org	3145736
   875   300008  0F                 	db	15
   876                           
   877                           ;Config register CONFIG5H @ 0x300009
   878                           ;	Boot Block Code Protection bit
   879                           ;	CPB = OFF, Boot block (000000-0007FFh) not code-protected
   880                           ;	Data EEPROM Code Protection bit
   881                           ;	CPD = OFF, Data EEPROM not code-protected
   882   300009                     	org	3145737
   883   300009  C0                 	db	192
   884                           
   885                           ;Config register CONFIG6L @ 0x30000A
   886                           ;	Write Protection Block 0
   887                           ;	WRT0 = OFF, Block 0 (000800-003FFFh) not write-protected
   888                           ;	Write Protection Block 1
   889                           ;	WRT1 = OFF, Block 1 (004000-007FFFh) not write-protected
   890                           ;	Write Protection Block 2
   891                           ;	WRT2 = OFF, Block 2 (008000-00BFFFh) not write-protected
   892                           ;	Write Protection Block 3
   893                           ;	WRT3 = OFF, Block 3 (00C000-00FFFFh) not write-protected
   894   30000A                     	org	3145738
   895   30000A  0F                 	db	15
   896                           
   897                           ;Config register CONFIG6H @ 0x30000B
   898                           ;	Configuration Register Write Protection bit
   899                           ;	WRTC = OFF, Configuration registers (300000-3000FFh) not write-protected
   900                           ;	Boot Block Write Protection bit
   901                           ;	WRTB = OFF, Boot Block (000000-0007FFh) not write-protected
   902                           ;	Data EEPROM Write Protection bit
   903                           ;	WRTD = OFF, Data EEPROM not write-protected
   904   30000B                     	org	3145739
   905   30000B  E0                 	db	224
   906                           
   907                           ;Config register CONFIG7L @ 0x30000C
   908                           ;	Table Read Protection Block 0
   909                           ;	EBTR0 = OFF, Block 0 (000800-003FFFh) not protected from table reads executed in other
      +                           blocks
   910                           ;	Table Read Protection Block 1
   911                           ;	EBTR1 = OFF, Block 1 (004000-007FFFh) not protected from table reads executed in other
      +                           blocks
   912                           ;	Table Read Protection Block 2
   913                           ;	EBTR2 = OFF, Block 2 (008000-00BFFFh) not protected from table reads executed in other
      +                           blocks
   914                           ;	Table Read Protection Block 3
   915                           ;	EBTR3 = OFF, Block 3 (00C000-00FFFFh) not protected from table reads executed in other
      +                           blocks
   916   30000C                     	org	3145740
   917   30000C  0F                 	db	15
   918                           
   919                           ;Config register CONFIG7H @ 0x30000D
   920                           ;	Boot Block Table Read Protection bit
   921                           ;	EBTRB = OFF, Boot Block (000000-0007FFh) not protected from table reads executed in ot
      +                          her blocks
   922   30000D                     	org	3145741
   923   30000D  40                 	db	64
   924                           tosu	equ	0xFFF
   925                           tosh	equ	0xFFE
   926                           tosl	equ	0xFFD
   927                           stkptr	equ	0xFFC
   928                           pclatu	equ	0xFFB
   929                           pclath	equ	0xFFA
   930                           pcl	equ	0xFF9
   931                           tblptru	equ	0xFF8
   932                           tblptrh	equ	0xFF7
   933                           tblptrl	equ	0xFF6
   934                           tablat	equ	0xFF5
   935                           prodh	equ	0xFF4
   936                           prodl	equ	0xFF3
   937                           indf0	equ	0xFEF
   938                           postinc0	equ	0xFEE
   939                           postdec0	equ	0xFED
   940                           preinc0	equ	0xFEC
   941                           plusw0	equ	0xFEB
   942                           fsr0h	equ	0xFEA
   943                           fsr0l	equ	0xFE9
   944                           wreg	equ	0xFE8
   945                           indf1	equ	0xFE7
   946                           postinc1	equ	0xFE6
   947                           postdec1	equ	0xFE5
   948                           preinc1	equ	0xFE4
   949                           plusw1	equ	0xFE3
   950                           fsr1h	equ	0xFE2
   951                           fsr1l	equ	0xFE1
   952                           bsr	equ	0xFE0
   953                           indf2	equ	0xFDF
   954                           postinc2	equ	0xFDE
   955                           postdec2	equ	0xFDD
   956                           preinc2	equ	0xFDC
   957                           plusw2	equ	0xFDB
   958                           fsr2h	equ	0xFDA
   959                           fsr2l	equ	0xFD9
   960                           status	equ	0xFD8

Data Sizes:
    Strings     0
    Constant    0
    Data        2
    BSS         0
    Persistent  0
    Stack       0

Auto Spaces:
    Space          Size  Autos    Used
    COMRAM           94      7       9
    BANK0           160      0       0
    BANK1           256      0       0
    BANK2           256      0       0
    BANK3           256      0       0
    BANK4           256      0       0
    BANK5           256      0       0
    BANK6           256      0       0
    BANK7           256      0       0
    BANK8           256      0       0
    BANK9           256      0       0
    BANK10          256      0       0
    BANK11          256      0       0
    BANK12          256      0       0
    BANK13          256      0       0
    BANK14          256      0       0
    BANK15           56      0       0

Pointer List with Targets:

    None.

Critical Paths under _main in COMRAM

    None.

Critical Paths under _isr in COMRAM

    _isr->___awmod

Critical Paths under _main in BANK0

    None.

Critical Paths under _isr in BANK0

    None.

Critical Paths under _main in BANK1

    None.

Critical Paths under _isr in BANK1

    None.

Critical Paths under _main in BANK2

    None.

Critical Paths under _isr in BANK2

    None.

Critical Paths under _main in BANK3

    None.

Critical Paths under _isr in BANK3

    None.

Critical Paths under _main in BANK4

    None.

Critical Paths under _isr in BANK4

    None.

Critical Paths under _main in BANK5

    None.

Critical Paths under _isr in BANK5

    None.

Critical Paths under _main in BANK6

    None.

Critical Paths under _isr in BANK6

    None.

Critical Paths under _main in BANK7

    None.

Critical Paths under _isr in BANK7

    None.

Critical Paths under _main in BANK8

    None.

Critical Paths under _isr in BANK8

    None.

Critical Paths under _main in BANK9

    None.

Critical Paths under _isr in BANK9

    None.

Critical Paths under _main in BANK10

    None.

Critical Paths under _isr in BANK10

    None.

Critical Paths under _main in BANK11

    None.

Critical Paths under _isr in BANK11

    None.

Critical Paths under _main in BANK12

    None.

Critical Paths under _isr in BANK12

    None.

Critical Paths under _main in BANK13

    None.

Critical Paths under _isr in BANK13

    None.

Critical Paths under _main in BANK14

    None.

Critical Paths under _isr in BANK14

    None.

Critical Paths under _main in BANK15

    None.

Critical Paths under _isr in BANK15

    None.

Call Graph Tables:

 ---------------------------------------------------------------------------------
 (Depth) Function   	        Calls       Base Space   Used Autos Params    Refs
 ---------------------------------------------------------------------------------
 (0) _main                                                 0     0      0       0
                         _initButton
                         _initTimer0
                        _turnOffLEDs
 ---------------------------------------------------------------------------------
 (1) _turnOffLEDs                                          0     0      0       0
 ---------------------------------------------------------------------------------
 (1) _initTimer0                                           0     0      0       0
 ---------------------------------------------------------------------------------
 (1) _initButton                                           0     0      0       0
 ---------------------------------------------------------------------------------
 Estimated maximum stack depth 1
 ---------------------------------------------------------------------------------
 (Depth) Function   	        Calls       Base Space   Used Autos Params    Refs
 ---------------------------------------------------------------------------------
 (2) _isr                                                  1     1      0     546
                                              6 COMRAM     1     1      0
                            ___awmod
                     _debounceButton
                          _turnOnLED
 ---------------------------------------------------------------------------------
 (3) _turnOnLED                                            4     2      2      98
                                              0 COMRAM     4     2      2
                      i2_turnOffLEDs
 ---------------------------------------------------------------------------------
 (4) i2_turnOffLEDs                                        0     0      0       0
 ---------------------------------------------------------------------------------
 (3) _debounceButton                                       3     1      2       0
                                              0 COMRAM     3     1      2
 ---------------------------------------------------------------------------------
 (3) ___awmod                                              6     2      4     448
                                              0 COMRAM     6     2      4
 ---------------------------------------------------------------------------------
 Estimated maximum stack depth 4
 ---------------------------------------------------------------------------------

 Call Graph Graphs:

 _main (ROOT)
   _initButton
   _initTimer0
   _turnOffLEDs

 _isr (ROOT)
   ___awmod
   _debounceButton
   _turnOnLED
     i2_turnOffLEDs

 Address spaces:
Name               Size   Autos  Total    Cost      Usage
BIGRAM             F37      0       0      43        0.0%
EEDATA             400      0       0       0        0.0%
BITBANK14          100      0       0      32        0.0%
BANK14             100      0       0      33        0.0%
BITBANK13          100      0       0      30        0.0%
BANK13             100      0       0      31        0.0%
BITBANK12          100      0       0      28        0.0%
BANK12             100      0       0      29        0.0%
BITBANK11          100      0       0      26        0.0%
BANK11             100      0       0      27        0.0%
BITBANK10          100      0       0      24        0.0%
BANK10             100      0       0      25        0.0%
BITBANK9           100      0       0      22        0.0%
BANK9              100      0       0      23        0.0%
BITBANK8           100      0       0      20        0.0%
BANK8              100      0       0      21        0.0%
BITBANK7           100      0       0      18        0.0%
BANK7              100      0       0      19        0.0%
BITBANK6           100      0       0      16        0.0%
BANK6              100      0       0      17        0.0%
BITBANK5           100      0       0      14        0.0%
BANK5              100      0       0      15        0.0%
BITBANK4           100      0       0      12        0.0%
BANK4              100      0       0      13        0.0%
BITBANK3           100      0       0      10        0.0%
BANK3              100      0       0      11        0.0%
BITBANK2           100      0       0       8        0.0%
BANK2              100      0       0       9        0.0%
BITBANK1           100      0       0       6        0.0%
BANK1              100      0       0       7        0.0%
BITBANK0            A0      0       0       4        0.0%
BANK0               A0      0       0       5        0.0%
BITCOMRAM           5E      0       0       0        0.0%
COMRAM              5E      7       9       1        9.6%
BITBIGSFRll         49      0       0      41        0.0%
BITBIGSFRhlh        41      0       0      38        0.0%
BITBANK15           38      0       0      34        0.0%
BANK15              38      0       0      35        0.0%
BITBIGSFRhhl        19      0       0      37        0.0%
BITBIGSFRhhh         D      0       0      36        0.0%
BITBIGSFRlh          8      0       0      40        0.0%
BITBIGSFRhll         8      0       0      39        0.0%
BIGSFR               0      0       0     200        0.0%
BITSFR_1             0      0       0     200        0.0%
SFR_1                0      0       0     200        0.0%
BITSFR               0      0       0     200        0.0%
SFR                  0      0       0     200        0.0%
STACK                0      0       0       2        0.0%
NULL                 0      0       0       0        0.0%
ABS                  0      0       9      42        0.0%
DATA                 0      0       9       3        0.0%
CODE                 0      0       0       0        0.0%


Microchip Technology PIC18 Macro Assembler V2.45 build 20230818022343 
Symbol Table                                                                                   Fri Feb 09 11:22:35 2024

                     l27 1198                       l65 1184                       l74 1190  
                    l830 115E                      l752 1192                      l832 1162  
                    l770 1174                      l834 1166                      l772 1180  
                    l836 116A                      l828 1154                      l774 1182  
                    l776 1186                      _isr 0008             ___awmod@sign 0006  
                    wreg 0FE8                     ?_isr 0001                     i2l31 10BA  
                   i2l33 10C0                     i2l34 10C6                     i2l27 11A0  
                   i2l36 1100                     i2l46 0086                     i2l39 112C  
                   _main 1154                     btemp 000A                     start 008A  
           ___param_bank 0000              _turnOffLEDs 1192                    ??_isr 0007  
                  ?_main 0001          __end_of___awmod 10B2                    _T0CON 0FD5  
                  i2l321 10B0                    i2l900 0050                    i2l750 119A  
                  i2l902 0052                    i2l912 10E2                    i2l904 005A  
                  i2l842 10B2                    i2l906 007A                    i2l860 1006  
                  i2l852 1102                    i2l870 1036                    i2l862 1014  
                  i2l854 1112                    i2l846 10CC                    i2l880 107C  
                  i2l872 1048                    i2l864 101C                    i2l890 10A8  
                  i2l882 1084                    i2l874 1050                    i2l866 1020  
                  i2l858 1002                    i2l884 108A                    i2l876 1058  
                  i2l868 102E                    i2l878 1066                    i2l886 1090  
                  i2l894 000A                    i2l888 10A0                    i2l896 0020  
                  i2l898 0042                    _TMR0H 0FD7                    _TMR0L 0FD6  
                  tablat 0FF5                    ttemp5 000B                    ttemp6 000E  
                  ttemp7 0012                    status 0FD8                    wtemp8 000B  
        __initialization 112E             __end_of_main 1174                   ??_main 0008  
          __activetblptr 0002           _debounceButton 1102    __end_ofi2_turnOffLEDs 11A2  
              ??___awmod 0005          ___awmod@divisor 0003                   isa$std 0001  
        ___awmod@counter 0005             __pdataCOMRAM 0008             __mediumconst 0000  
                 tblptrh 0FF7                   tblptrl 0FF6                   tblptru 0FF8  
 __end_of_debounceButton 112E               __accesstop 0060  __end_of__initialization 1146  
          ___rparam_used 0001           __pcstackCOMRAM 0001          ?_debounceButton 0001  
           ?_turnOffLEDs 0001                  i2u12_40 1124                  i2u20_40 0032  
                i2u12_41 111C                  i2u20_41 002A                  i2u13_40 1014  
                i2u12_48 1126                  i2u13_41 1010                  i2u14_40 102E  
                i2u22_40 0050                  i2u21_48 0034                  i2u14_41 102A  
                i2u22_41 004C                  i2u15_40 1048                  i2u15_41 1044  
                i2u23_47 1108                  i2u16_40 1066                  i2u16_41 1062  
                i2u17_40 107C                  i2u17_41 1078                  i2u18_40 10A0  
                i2u18_41 109C                  i2u19_40 0020                  i2u19_41 001C  
                __Hparam 0000                  __Lparam 0000               _initButton 1186  
             _initTimer0 1174                  ___awmod 1002             __psmallconst 1000  
                __pcinit 112E                  __ramtop 1000                  __ptext0 1154  
                __ptext1 1192                  __ptext2 1174                  __ptext3 1186  
                __ptext5 10B2                  __ptext6 119A                  __ptext7 1102  
                __ptext8 1002                _T0CONbits 0FD5         ___awmod@dividend 0001  
   end_of_initialization 1146            __Lmediumconst 0000                _PORTBbits 0F81  
      __end_of_turnOnLED 1102                _TRISBbits 0F93       _timerOverflowCount 0008  
            ?_initButton 0001              ?_initTimer0 0001            __pidataCOMRAM 11A2  
       ??_debounceButton 0003      start_initialization 112E              __end_of_isr 008A  
     turnOnLED@ledNumber 0001                __pintcode 0008                 ?___awmod 0001  
          i2_turnOffLEDs 119A              __smallconst 1000                 _LATBbits 0F8A  
         ?i2_turnOffLEDs 0001                _turnOnLED 10B2              _INTCON2bits 0FF1  
               __Hrparam 0000                 __Lrparam 0000             ??_initButton 0008  
           ??_initTimer0 0008               ?_turnOnLED 0001       __end_of_initButton 1192  
     __end_of_initTimer0 1186          ??i2_turnOffLEDs 0001            ??_turnOffLEDs 0008  
               isa$xinst 0000                 int$flags 000A               _INTCONbits 0FF2  
               intlevel2 0000      __end_of_turnOffLEDs 119A              ??_turnOnLED 0003  
