

Microchip MPLAB XC8 Assembler V2.45 build 20230818022343 
                                                                                               Fri Jan 26 11:42:52 2024

Microchip MPLAB XC8 C Compiler v2.45 (Free license) build 20230818022343 Og1 
     1                           	processor	18F46K22
     2                           	fnconf	rparam,??,?,0
     3                           	pagewidth 120
     4                           	opt	flic
     5                           	psect	cinit,global,reloc=2,class=CODE,delta=1
     6                           	psect	cstackCOMRAM,global,class=COMRAM,space=1,delta=1,lowdata,noexec
     7                           	psect	text0,global,reloc=2,class=CODE,delta=1
     8                           	psect	text1,global,reloc=2,class=CODE,delta=1
     9                           	psect	text2,global,reloc=2,class=CODE,delta=1
    10                           	psect	text3,global,reloc=2,class=CODE,delta=1
    11                           	psect	text4,global,reloc=2,class=CODE,delta=1
    12                           	psect	smallconst,global,reloc=2,class=SMALLCONST,delta=1,noexec
    13                           	psect	intsave_regs,global,class=BIGRAM,space=1,delta=1,noexec
    14                           	psect	rparam,global,class=COMRAM,space=1,delta=1,noexec
    15                           	psect	config,global,abs,ovrld,class=CONFIG,space=4,delta=1,noexec
    16   000000                     
    17                           ; Generated 21/07/2023 GMT
    18                           ; 
    19                           ; Copyright © 2023, Microchip Technology Inc. and its subsidiaries ("Microchip")
    20                           ; All rights reserved.
    21                           ; 
    22                           ; This software is developed by Microchip Technology Inc. and its subsidiaries ("Microch
      +                          ip").
    23                           ; 
    24                           ; Redistribution and use in source and binary forms, with or without modification, are
    25                           ; permitted provided that the following conditions are met:
    26                           ; 
    27                           ;     1. Redistributions of source code must retain the above copyright notice, this lis
      +                          t of
    28                           ;        conditions and the following disclaimer.
    29                           ; 
    30                           ;     2. Redistributions in binary form must reproduce the above copyright notice, this 
      +                          list
    31                           ;        of conditions and the following disclaimer in the documentation and/or other
    32                           ;        materials provided with the distribution. Publication is not required when
    33                           ;        this file is used in an embedded application.
    34                           ; 
    35                           ;     3. Microchip's name may not be used to endorse or promote products derived from th
      +                          is
    36                           ;        software without specific prior written permission.
    37                           ; 
    38                           ; THIS SOFTWARE IS PROVIDED BY MICROCHIP "AS IS" AND ANY EXPRESS OR IMPLIED WARRANTIES,
    39                           ; INCLUDING, BUT NOT LIMITED TO, THE IMPLIED WARRANTIES OF MERCHANTABILITY AND FITNESS F
      +                          OR
    40                           ; PURPOSE ARE DISCLAIMED.  IN NO EVENT SHALL MICROCHIP BE LIABLE FOR ANY DIRECT, INDIREC
      +                          T,
    41                           ; INCIDENTAL, SPECIAL, EXEMPLARY, OR CONSEQUENTIAL DAMAGES (INCLUDING BUT NOT LIMITED TO
    42                           ; PROCUREMENT OF SUBSTITUTE GOODS OR SERVICES; LOSS OF USE, DATA OR PROFITS; OR BUSINESS
    43                           ; INTERRUPTION) HOWSOEVER CAUSED AND ON ANY THEORY OF LIABILITY, WHETHER IN CONTRACT, ST
      +                          RICT
    44                           ; LIABILITY, OR TORT (INCLUDING NEGLIGENCE OR OTHERWISE) ARISING IN ANY WAY OUT OF THE U
      +                          SE OF
    45                           ; THIS SOFTWARE, EVEN IF ADVISED OF THE POSSIBILITY OF SUCH DAMAGE.
    46                           ; 
    47                           ; 
    48                           ; Code-generator required, PIC18F46K22 Definitions
    49                           ; 
    50                           ; SFR Addresses
    51   000000                     _LATBbits	set	3978
    52   000000                     _T0CON	set	4053
    53   000000                     _TMR0	set	4054
    54   000000                     _T0IF	set	32658
    55   000000                     _TRISBbits	set	3987
    56                           
    57                           ; #config settings
    58                           
    59                           	psect	cinit
    60   0010DC                     __pcinit:
    61                           	callstack 0
    62   0010DC                     start_initialization:
    63                           	callstack 0
    64   0010DC                     __initialization:
    65                           	callstack 0
    66   0010DC                     end_of_initialization:
    67                           	callstack 0
    68   0010DC                     __end_of__initialization:
    69                           	callstack 0
    70   0010DC  0E00               	movlw	low (__Lmediumconst shr (0+16))
    71   0010DE  6EF8               	movwf	tblptru,c
    72   0010E0  0100               	movlb	0
    73   0010E2  EF2E  F008         	goto	_main	;jump to C main() function
    74                           
    75                           	psect	cstackCOMRAM
    76   000001                     __pcstackCOMRAM:
    77                           	callstack 0
    78   000001                     turnOnLED@ledNumber:
    79                           	callstack 0
    80                           
    81                           ; 2 bytes @ 0x0
    82   000001                     	ds	2
    83   000003                     ??_turnOnLED:
    84                           
    85                           ; 1 bytes @ 0x2
    86   000003                     	ds	2
    87   000005                     main@i:
    88                           	callstack 0
    89                           
    90                           ; 2 bytes @ 0x4
    91   000005                     	ds	2
    92                           
    93 ;;
    94 ;;Main: autosize = 0, tempsize = 0, incstack = 0, save=0
    95 ;;
    96 ;; *************** function _main *****************
    97 ;; Defined at:
    98 ;;		line 129 in file "main.c"
    99 ;; Parameters:    Size  Location     Type
   100 ;;		None
   101 ;; Auto vars:     Size  Location     Type
   102 ;;  i               2    4[COMRAM] int 
   103 ;; Return value:  Size  Location     Type
   104 ;;                  2   38[None  ] int 
   105 ;; Registers used:
   106 ;;		wreg, status,2, status,0, cstack
   107 ;; Tracked objects:
   108 ;;		On entry : 0/0
   109 ;;		On exit  : 0/0
   110 ;;		Unchanged: 0/0
   111 ;; Data sizes:     COMRAM   BANK0   BANK1   BANK2   BANK3   BANK4   BANK5   BANK6   BANK7   BANK8   BANK9  BANK10  BANK1
      +1  BANK12  BANK13  BANK14  BANK15
   112 ;;      Params:         0       0       0       0       0       0       0       0       0       0       0       0       
      +0       0       0       0       0
   113 ;;      Locals:         2       0       0       0       0       0       0       0       0       0       0       0       
      +0       0       0       0       0
   114 ;;      Temps:          0       0       0       0       0       0       0       0       0       0       0       0       
      +0       0       0       0       0
   115 ;;      Totals:         2       0       0       0       0       0       0       0       0       0       0       0       
      +0       0       0       0       0
   116 ;;Total ram usage:        2 bytes
   117 ;; Hardware stack levels required when called: 1
   118 ;; This function calls:
   119 ;;		_configureTimer0
   120 ;;		_delay_1s_with_timer
   121 ;;		_turnOffLEDs
   122 ;;		_turnOnLED
   123 ;; This function is called by:
   124 ;;		Startup code after reset
   125 ;; This function uses a non-reentrant model
   126 ;;
   127                           
   128                           	psect	text0
   129   00105C                     __ptext0:
   130                           	callstack 0
   131   00105C                     _main:
   132                           	callstack 30
   133   00105C  0000               	nop	
   134   00105E  9093               	bcf	147,0,c	;volatile
   135   001060  9293               	bcf	147,1,c	;volatile
   136   001062  9493               	bcf	147,2,c	;volatile
   137   001064  9693               	bcf	147,3,c	;volatile
   138   001066  EC73  F008         	call	_turnOffLEDs	;wreg free
   139   00106A  EC66  F008         	call	_configureTimer0	;wreg free
   140   00106E                     l39:
   141   00106E  0E00               	movlw	0
   142   001070  6E06               	movwf	(main@i+1)^0,c
   143   001072  0E00               	movlw	0
   144   001074  6E05               	movwf	main@i^0,c
   145   001076                     l784:
   146   001076  C005  F001         	movff	main@i,turnOnLED@ledNumber
   147   00107A  C006  F002         	movff	main@i+1,turnOnLED@ledNumber+1
   148   00107E  EC01  F008         	call	_turnOnLED	;wreg free
   149   001082  EC59  F008         	call	_delay_1s_with_timer	;wreg free
   150   001086  EC73  F008         	call	_turnOffLEDs	;wreg free
   151   00108A  4A05               	infsnz	main@i^0,f,c
   152   00108C  2A06               	incf	(main@i+1)^0,f,c
   153   00108E  BE06               	btfsc	(main@i+1)^0,7,c
   154   001090  EF53  F008         	goto	u31
   155   001094  5006               	movf	(main@i+1)^0,w,c
   156   001096  E109               	bnz	u30
   157   001098  0E04               	movlw	4
   158   00109A  5C05               	subwf	main@i^0,w,c
   159   00109C  A0D8               	btfss	status,0,c
   160   00109E  EF53  F008         	goto	u31
   161   0010A2  EF55  F008         	goto	u30
   162   0010A6                     u31:
   163   0010A6  EF3B  F008         	goto	l784
   164   0010AA                     u30:
   165   0010AA  EF37  F008         	goto	l39
   166   0010AE  EF00  F000         	goto	start
   167   0010B2                     __end_of_main:
   168                           	callstack 0
   169                           
   170 ;; *************** function _turnOnLED *****************
   171 ;; Defined at:
   172 ;;		line 102 in file "main.c"
   173 ;; Parameters:    Size  Location     Type
   174 ;;  ledNumber       2    0[COMRAM] int 
   175 ;; Auto vars:     Size  Location     Type
   176 ;;		None
   177 ;; Return value:  Size  Location     Type
   178 ;;                  1    wreg      void 
   179 ;; Registers used:
   180 ;;		wreg, status,2, status,0
   181 ;; Tracked objects:
   182 ;;		On entry : 0/0
   183 ;;		On exit  : 0/0
   184 ;;		Unchanged: 0/0
   185 ;; Data sizes:     COMRAM   BANK0   BANK1   BANK2   BANK3   BANK4   BANK5   BANK6   BANK7   BANK8   BANK9  BANK10  BANK1
      +1  BANK12  BANK13  BANK14  BANK15
   186 ;;      Params:         2       0       0       0       0       0       0       0       0       0       0       0       
      +0       0       0       0       0
   187 ;;      Locals:         0       0       0       0       0       0       0       0       0       0       0       0       
      +0       0       0       0       0
   188 ;;      Temps:          2       0       0       0       0       0       0       0       0       0       0       0       
      +0       0       0       0       0
   189 ;;      Totals:         4       0       0       0       0       0       0       0       0       0       0       0       
      +0       0       0       0       0
   190 ;;Total ram usage:        4 bytes
   191 ;; Hardware stack levels used: 1
   192 ;; This function calls:
   193 ;;		Nothing
   194 ;; This function is called by:
   195 ;;		_main
   196 ;; This function uses a non-reentrant model
   197 ;;
   198                           
   199                           	psect	text1
   200   001002                     __ptext1:
   201                           	callstack 0
   202   001002                     _turnOnLED:
   203                           	callstack 30
   204   001002  EF0F  F008         	goto	l768
   205   001006                     l25:
   206   001006  808A               	bsf	138,0,c	;volatile
   207   001008  EF2D  F008         	goto	l31
   208   00100C                     l27:
   209   00100C  828A               	bsf	138,1,c	;volatile
   210   00100E  EF2D  F008         	goto	l31
   211   001012                     l28:
   212   001012  848A               	bsf	138,2,c	;volatile
   213   001014  EF2D  F008         	goto	l31
   214   001018                     l29:
   215   001018  868A               	bsf	138,3,c	;volatile
   216   00101A  EF2D  F008         	goto	l31
   217   00101E                     l768:
   218   00101E  C001  F003         	movff	turnOnLED@ledNumber,??_turnOnLED
   219   001022  C002  F004         	movff	turnOnLED@ledNumber+1,??_turnOnLED+1
   220                           
   221                           ; Switch on 2 bytes has been partitioned into a top level switch of size 1, and 1 sub-sw
      +                          itches
   222                           ; Switch size 1, requested type "simple"
   223                           ; Number of cases is 1, Range of values is 0 to 0
   224                           ; switch strategies available:
   225                           ; Name         Instructions Cycles
   226                           ; simple_byte            4     3 (average)
   227                           ;	Chosen strategy is simple_byte
   228   001026  5004               	movf	(??_turnOnLED+1)^0,w,c
   229   001028  0A00               	xorlw	0	; case 0
   230   00102A  B4D8               	btfsc	status,2,c
   231   00102C  EF1A  F008         	goto	l798
   232   001030  EF2D  F008         	goto	l31
   233   001034                     l798:
   234                           
   235                           ; Switch size 1, requested type "simple"
   236                           ; Number of cases is 4, Range of values is 0 to 3
   237                           ; switch strategies available:
   238                           ; Name         Instructions Cycles
   239                           ; simple_byte           13     7 (average)
   240                           ;	Chosen strategy is simple_byte
   241   001034  5003               	movf	??_turnOnLED^0,w,c
   242   001036  0A00               	xorlw	0	; case 0
   243   001038  B4D8               	btfsc	status,2,c
   244   00103A  EF03  F008         	goto	l25
   245   00103E  0A01               	xorlw	1	; case 1
   246   001040  B4D8               	btfsc	status,2,c
   247   001042  EF06  F008         	goto	l27
   248   001046  0A03               	xorlw	3	; case 2
   249   001048  B4D8               	btfsc	status,2,c
   250   00104A  EF09  F008         	goto	l28
   251   00104E  0A01               	xorlw	1	; case 3
   252   001050  B4D8               	btfsc	status,2,c
   253   001052  EF0C  F008         	goto	l29
   254   001056  EF2D  F008         	goto	l31
   255   00105A                     l31:
   256   00105A  0012               	return		;funcret
   257   00105C                     __end_of_turnOnLED:
   258                           	callstack 0
   259                           
   260 ;; *************** function _turnOffLEDs *****************
   261 ;; Defined at:
   262 ;;		line 122 in file "main.c"
   263 ;; Parameters:    Size  Location     Type
   264 ;;		None
   265 ;; Auto vars:     Size  Location     Type
   266 ;;		None
   267 ;; Return value:  Size  Location     Type
   268 ;;                  1    wreg      void 
   269 ;; Registers used:
   270 ;;		None
   271 ;; Tracked objects:
   272 ;;		On entry : 0/0
   273 ;;		On exit  : 0/0
   274 ;;		Unchanged: 0/0
   275 ;; Data sizes:     COMRAM   BANK0   BANK1   BANK2   BANK3   BANK4   BANK5   BANK6   BANK7   BANK8   BANK9  BANK10  BANK1
      +1  BANK12  BANK13  BANK14  BANK15
   276 ;;      Params:         0       0       0       0       0       0       0       0       0       0       0       0       
      +0       0       0       0       0
   277 ;;      Locals:         0       0       0       0       0       0       0       0       0       0       0       0       
      +0       0       0       0       0
   278 ;;      Temps:          0       0       0       0       0       0       0       0       0       0       0       0       
      +0       0       0       0       0
   279 ;;      Totals:         0       0       0       0       0       0       0       0       0       0       0       0       
      +0       0       0       0       0
   280 ;;Total ram usage:        0 bytes
   281 ;; Hardware stack levels used: 1
   282 ;; This function calls:
   283 ;;		Nothing
   284 ;; This function is called by:
   285 ;;		_main
   286 ;; This function uses a non-reentrant model
   287 ;;
   288                           
   289                           	psect	text2
   290   0010E6                     __ptext2:
   291                           	callstack 0
   292   0010E6                     _turnOffLEDs:
   293                           	callstack 30
   294   0010E6  908A               	bcf	138,0,c	;volatile
   295   0010E8  928A               	bcf	138,1,c	;volatile
   296   0010EA  948A               	bcf	138,2,c	;volatile
   297   0010EC  968A               	bcf	138,3,c	;volatile
   298   0010EE  0012               	return		;funcret
   299   0010F0                     __end_of_turnOffLEDs:
   300                           	callstack 0
   301                           
   302 ;; *************** function _delay_1s_with_timer *****************
   303 ;; Defined at:
   304 ;;		line 94 in file "main.c"
   305 ;; Parameters:    Size  Location     Type
   306 ;;		None
   307 ;; Auto vars:     Size  Location     Type
   308 ;;		None
   309 ;; Return value:  Size  Location     Type
   310 ;;                  1    wreg      void 
   311 ;; Registers used:
   312 ;;		wreg, status,2
   313 ;; Tracked objects:
   314 ;;		On entry : 0/0
   315 ;;		On exit  : 0/0
   316 ;;		Unchanged: 0/0
   317 ;; Data sizes:     COMRAM   BANK0   BANK1   BANK2   BANK3   BANK4   BANK5   BANK6   BANK7   BANK8   BANK9  BANK10  BANK1
      +1  BANK12  BANK13  BANK14  BANK15
   318 ;;      Params:         0       0       0       0       0       0       0       0       0       0       0       0       
      +0       0       0       0       0
   319 ;;      Locals:         0       0       0       0       0       0       0       0       0       0       0       0       
      +0       0       0       0       0
   320 ;;      Temps:          0       0       0       0       0       0       0       0       0       0       0       0       
      +0       0       0       0       0
   321 ;;      Totals:         0       0       0       0       0       0       0       0       0       0       0       0       
      +0       0       0       0       0
   322 ;;Total ram usage:        0 bytes
   323 ;; Hardware stack levels used: 1
   324 ;; This function calls:
   325 ;;		Nothing
   326 ;; This function is called by:
   327 ;;		_main
   328 ;; This function uses a non-reentrant model
   329 ;;
   330                           
   331                           	psect	text3
   332   0010B2                     __ptext3:
   333                           	callstack 0
   334   0010B2                     _delay_1s_with_timer:
   335                           	callstack 30
   336   0010B2                     l18:
   337   0010B2  A4F2               	btfss	4082,2,c	;volatile
   338   0010B4  EF5E  F008         	goto	u11
   339   0010B8  EF60  F008         	goto	u10
   340   0010BC                     u11:
   341   0010BC  EF59  F008         	goto	l18
   342   0010C0                     u10:
   343   0010C0  94F2               	bcf	4082,2,c	;volatile
   344   0010C2  0E0B               	movlw	11
   345   0010C4  6ED7               	movwf	215,c	;volatile
   346   0010C6  0EDB               	movlw	219
   347   0010C8  6ED6               	movwf	214,c	;volatile
   348   0010CA  0012               	return		;funcret
   349   0010CC                     __end_of_delay_1s_with_timer:
   350                           	callstack 0
   351                           
   352 ;; *************** function _configureTimer0 *****************
   353 ;; Defined at:
   354 ;;		line 87 in file "main.c"
   355 ;; Parameters:    Size  Location     Type
   356 ;;		None
   357 ;; Auto vars:     Size  Location     Type
   358 ;;		None
   359 ;; Return value:  Size  Location     Type
   360 ;;                  1    wreg      void 
   361 ;; Registers used:
   362 ;;		wreg, status,2
   363 ;; Tracked objects:
   364 ;;		On entry : 0/0
   365 ;;		On exit  : 0/0
   366 ;;		Unchanged: 0/0
   367 ;; Data sizes:     COMRAM   BANK0   BANK1   BANK2   BANK3   BANK4   BANK5   BANK6   BANK7   BANK8   BANK9  BANK10  BANK1
      +1  BANK12  BANK13  BANK14  BANK15
   368 ;;      Params:         0       0       0       0       0       0       0       0       0       0       0       0       
      +0       0       0       0       0
   369 ;;      Locals:         0       0       0       0       0       0       0       0       0       0       0       0       
      +0       0       0       0       0
   370 ;;      Temps:          0       0       0       0       0       0       0       0       0       0       0       0       
      +0       0       0       0       0
   371 ;;      Totals:         0       0       0       0       0       0       0       0       0       0       0       0       
      +0       0       0       0       0
   372 ;;Total ram usage:        0 bytes
   373 ;; Hardware stack levels used: 1
   374 ;; This function calls:
   375 ;;		Nothing
   376 ;; This function is called by:
   377 ;;		_main
   378 ;; This function uses a non-reentrant model
   379 ;;
   380                           
   381                           	psect	text4
   382   0010CC                     __ptext4:
   383                           	callstack 0
   384   0010CC                     _configureTimer0:
   385                           	callstack 30
   386   0010CC  0E83               	movlw	131
   387   0010CE  6ED5               	movwf	213,c	;volatile
   388   0010D0  0E0B               	movlw	11
   389   0010D2  6ED7               	movwf	215,c	;volatile
   390   0010D4  0EDB               	movlw	219
   391   0010D6  6ED6               	movwf	214,c	;volatile
   392   0010D8  94F2               	bcf	4082,2,c	;volatile
   393   0010DA  0012               	return		;funcret
   394   0010DC                     __end_of_configureTimer0:
   395                           	callstack 0
   396                           
   397                           	psect	smallconst
   398   001000                     __psmallconst:
   399                           	callstack 0
   400   001000  00                 	db	0
   401   001001  00                 	db	0	; dummy byte at the end
   402   000000                     
   403                           	psect	rparam
   404   000000                     
   405                           	psect	config
   406                           
   407                           ; Padding undefined space
   408   300000                     	org	3145728
   409   300000  FF                 	db	255
   410                           
   411                           ;Config register CONFIG1H @ 0x300001
   412                           ;	Oscillator Selection bits
   413                           ;	FOSC = INTIO7, Internal oscillator block, CLKOUT function on OSC2
   414                           ;	4X PLL Enable
   415                           ;	PLLCFG = OFF, Oscillator used directly
   416                           ;	Primary clock enable bit
   417                           ;	PRICLKEN = ON, Primary clock is always enabled
   418                           ;	Fail-Safe Clock Monitor Enable bit
   419                           ;	FCMEN = OFF, Fail-Safe Clock Monitor disabled
   420                           ;	Internal/External Oscillator Switchover bit
   421                           ;	IESO = OFF, Oscillator Switchover mode disabled
   422   300001                     	org	3145729
   423   300001  29                 	db	41
   424                           
   425                           ;Config register CONFIG2L @ 0x300002
   426                           ;	Power-up Timer Enable bit
   427                           ;	PWRTEN = OFF, Power up timer disabled
   428                           ;	Brown-out Reset Enable bits
   429                           ;	BOREN = SBORDIS, Brown-out Reset enabled in hardware only (SBOREN is disabled)
   430                           ;	Brown Out Reset Voltage bits
   431                           ;	BORV = 190, VBOR set to 1.90 V nominal
   432   300002                     	org	3145730
   433   300002  1F                 	db	31
   434                           
   435                           ;Config register CONFIG2H @ 0x300003
   436                           ;	Watchdog Timer Enable bits
   437                           ;	WDTEN = OFF, Watch dog timer is always disabled. SWDTEN has no effect.
   438                           ;	Watchdog Timer Postscale Select bits
   439                           ;	WDTPS = 32768, 1:32768
   440   300003                     	org	3145731
   441   300003  3C                 	db	60
   442                           
   443                           ; Padding undefined space
   444   300004                     	org	3145732
   445   300004  FF                 	db	255
   446                           
   447                           ;Config register CONFIG3H @ 0x300005
   448                           ;	CCP2 MUX bit
   449                           ;	CCP2MX = PORTC1, CCP2 input/output is multiplexed with RC1
   450                           ;	PORTB A/D Enable bit
   451                           ;	PBADEN = OFF, PORTB<5:0> pins are configured as digital I/O on Reset
   452                           ;	P3A/CCP3 Mux bit
   453                           ;	CCP3MX = PORTB5, P3A/CCP3 input/output is multiplexed with RB5
   454                           ;	HFINTOSC Fast Start-up
   455                           ;	HFOFST = ON, HFINTOSC output and ready status are not delayed by the oscillator stable
      +                           status
   456                           ;	Timer3 Clock input mux bit
   457                           ;	T3CMX = PORTC0, T3CKI is on RC0
   458                           ;	ECCP2 B output mux bit
   459                           ;	P2BMX = PORTD2, P2B is on RD2
   460                           ;	MCLR Pin Enable bit
   461                           ;	MCLRE = EXTMCLR, MCLR pin enabled, RE3 input pin disabled
   462   300005                     	org	3145733
   463   300005  BD                 	db	189
   464                           
   465                           ;Config register CONFIG4L @ 0x300006
   466                           ;	Stack Full/Underflow Reset Enable bit
   467                           ;	STVREN = ON, Stack full/underflow will cause Reset
   468                           ;	Single-Supply ICSP Enable bit
   469                           ;	LVP = ON, Single-Supply ICSP enabled if MCLRE is also 1
   470                           ;	Extended Instruction Set Enable bit
   471                           ;	XINST = OFF, Instruction set extension and Indexed Addressing mode disabled (Legacy mo
      +                          de)
   472                           ;	Background Debug
   473                           ;	DEBUG = 0x1, unprogrammed default
   474   300006                     	org	3145734
   475   300006  85                 	db	133
   476                           
   477                           ; Padding undefined space
   478   300007                     	org	3145735
   479   300007  FF                 	db	255
   480                           
   481                           ;Config register CONFIG5L @ 0x300008
   482                           ;	Code Protection Block 0
   483                           ;	CP0 = OFF, Block 0 (000800-003FFFh) not code-protected
   484                           ;	Code Protection Block 1
   485                           ;	CP1 = OFF, Block 1 (004000-007FFFh) not code-protected
   486                           ;	Code Protection Block 2
   487                           ;	CP2 = OFF, Block 2 (008000-00BFFFh) not code-protected
   488                           ;	Code Protection Block 3
   489                           ;	CP3 = OFF, Block 3 (00C000-00FFFFh) not code-protected
   490   300008                     	org	3145736
   491   300008  0F                 	db	15
   492                           
   493                           ;Config register CONFIG5H @ 0x300009
   494                           ;	Boot Block Code Protection bit
   495                           ;	CPB = OFF, Boot block (000000-0007FFh) not code-protected
   496                           ;	Data EEPROM Code Protection bit
   497                           ;	CPD = OFF, Data EEPROM not code-protected
   498   300009                     	org	3145737
   499   300009  C0                 	db	192
   500                           
   501                           ;Config register CONFIG6L @ 0x30000A
   502                           ;	Write Protection Block 0
   503                           ;	WRT0 = OFF, Block 0 (000800-003FFFh) not write-protected
   504                           ;	Write Protection Block 1
   505                           ;	WRT1 = OFF, Block 1 (004000-007FFFh) not write-protected
   506                           ;	Write Protection Block 2
   507                           ;	WRT2 = OFF, Block 2 (008000-00BFFFh) not write-protected
   508                           ;	Write Protection Block 3
   509                           ;	WRT3 = OFF, Block 3 (00C000-00FFFFh) not write-protected
   510   30000A                     	org	3145738
   511   30000A  0F                 	db	15
   512                           
   513                           ;Config register CONFIG6H @ 0x30000B
   514                           ;	Configuration Register Write Protection bit
   515                           ;	WRTC = OFF, Configuration registers (300000-3000FFh) not write-protected
   516                           ;	Boot Block Write Protection bit
   517                           ;	WRTB = OFF, Boot Block (000000-0007FFh) not write-protected
   518                           ;	Data EEPROM Write Protection bit
   519                           ;	WRTD = OFF, Data EEPROM not write-protected
   520   30000B                     	org	3145739
   521   30000B  E0                 	db	224
   522                           
   523                           ;Config register CONFIG7L @ 0x30000C
   524                           ;	Table Read Protection Block 0
   525                           ;	EBTR0 = OFF, Block 0 (000800-003FFFh) not protected from table reads executed in other
      +                           blocks
   526                           ;	Table Read Protection Block 1
   527                           ;	EBTR1 = OFF, Block 1 (004000-007FFFh) not protected from table reads executed in other
      +                           blocks
   528                           ;	Table Read Protection Block 2
   529                           ;	EBTR2 = OFF, Block 2 (008000-00BFFFh) not protected from table reads executed in other
      +                           blocks
   530                           ;	Table Read Protection Block 3
   531                           ;	EBTR3 = OFF, Block 3 (00C000-00FFFFh) not protected from table reads executed in other
      +                           blocks
   532   30000C                     	org	3145740
   533   30000C  0F                 	db	15
   534                           
   535                           ;Config register CONFIG7H @ 0x30000D
   536                           ;	Boot Block Table Read Protection bit
   537                           ;	EBTRB = OFF, Boot Block (000000-0007FFh) not protected from table reads executed in ot
      +                          her blocks
   538   30000D                     	org	3145741
   539   30000D  40                 	db	64
   540                           tosu	equ	0xFFF
   541                           tosh	equ	0xFFE
   542                           tosl	equ	0xFFD
   543                           stkptr	equ	0xFFC
   544                           pclatu	equ	0xFFB
   545                           pclath	equ	0xFFA
   546                           pcl	equ	0xFF9
   547                           tblptru	equ	0xFF8
   548                           tblptrh	equ	0xFF7
   549                           tblptrl	equ	0xFF6
   550                           tablat	equ	0xFF5
   551                           prodh	equ	0xFF4
   552                           prodl	equ	0xFF3
   553                           indf0	equ	0xFEF
   554                           postinc0	equ	0xFEE
   555                           postdec0	equ	0xFED
   556                           preinc0	equ	0xFEC
   557                           plusw0	equ	0xFEB
   558                           fsr0h	equ	0xFEA
   559                           fsr0l	equ	0xFE9
   560                           wreg	equ	0xFE8
   561                           indf1	equ	0xFE7
   562                           postinc1	equ	0xFE6
   563                           postdec1	equ	0xFE5
   564                           preinc1	equ	0xFE4
   565                           plusw1	equ	0xFE3
   566                           fsr1h	equ	0xFE2
   567                           fsr1l	equ	0xFE1
   568                           bsr	equ	0xFE0
   569                           indf2	equ	0xFDF
   570                           postinc2	equ	0xFDE
   571                           postdec2	equ	0xFDD
   572                           preinc2	equ	0xFDC
   573                           plusw2	equ	0xFDB
   574                           fsr2h	equ	0xFDA
   575                           fsr2l	equ	0xFD9
   576                           status	equ	0xFD8

Data Sizes:
    Strings     0
    Constant    0
    Data        0
    BSS         0
    Persistent  0
    Stack       0

Auto Spaces:
    Space          Size  Autos    Used
    COMRAM           95      6       6
    BANK0           160      0       0
    BANK1           256      0       0
    BANK2           256      0       0
    BANK3           256      0       0
    BANK4           256      0       0
    BANK5           256      0       0
    BANK6           256      0       0
    BANK7           256      0       0
    BANK8           256      0       0
    BANK9           256      0       0
    BANK10          256      0       0
    BANK11          256      0       0
    BANK12          256      0       0
    BANK13          256      0       0
    BANK14          256      0       0
    BANK15           56      0       0

Pointer List with Targets:

    None.

Critical Paths under _main in COMRAM

    _main->_turnOnLED

Critical Paths under _main in BANK0

    None.

Critical Paths under _main in BANK1

    None.

Critical Paths under _main in BANK2

    None.

Critical Paths under _main in BANK3

    None.

Critical Paths under _main in BANK4

    None.

Critical Paths under _main in BANK5

    None.

Critical Paths under _main in BANK6

    None.

Critical Paths under _main in BANK7

    None.

Critical Paths under _main in BANK8

    None.

Critical Paths under _main in BANK9

    None.

Critical Paths under _main in BANK10

    None.

Critical Paths under _main in BANK11

    None.

Critical Paths under _main in BANK12

    None.

Critical Paths under _main in BANK13

    None.

Critical Paths under _main in BANK14

    None.

Critical Paths under _main in BANK15

    None.

Call Graph Tables:

 ---------------------------------------------------------------------------------
 (Depth) Function   	        Calls       Base Space   Used Autos Params    Refs
 ---------------------------------------------------------------------------------
 (0) _main                                                 2     2      0     166
                                              4 COMRAM     2     2      0
                    _configureTimer0
                _delay_1s_with_timer
                        _turnOffLEDs
                          _turnOnLED
 ---------------------------------------------------------------------------------
 (1) _turnOnLED                                            4     2      2      98
                                              0 COMRAM     4     2      2
 ---------------------------------------------------------------------------------
 (1) _turnOffLEDs                                          0     0      0       0
 ---------------------------------------------------------------------------------
 (1) _delay_1s_with_timer                                  0     0      0       0
 ---------------------------------------------------------------------------------
 (1) _configureTimer0                                      0     0      0       0
 ---------------------------------------------------------------------------------
 Estimated maximum stack depth 1
 ---------------------------------------------------------------------------------

 Call Graph Graphs:

 _main (ROOT)
   _configureTimer0
   _delay_1s_with_timer
   _turnOffLEDs
   _turnOnLED

 Address spaces:
Name               Size   Autos  Total    Cost      Usage
BITCOMRAM           5F      0       0       0        0.0%
EEDATA             400      0       0       0        0.0%
NULL                 0      0       0       0        0.0%
CODE                 0      0       0       0        0.0%
COMRAM              5F      6       6       1        6.3%
STACK                0      0       0       2        0.0%
DATA                 0      0       0       3        0.0%
BITBANK0            A0      0       0       4        0.0%
BANK0               A0      0       0       5        0.0%
BITBANK1           100      0       0       6        0.0%
BANK1              100      0       0       7        0.0%
BITBANK2           100      0       0       8        0.0%
BANK2              100      0       0       9        0.0%
BITBANK3           100      0       0      10        0.0%
BANK3              100      0       0      11        0.0%
BITBANK4           100      0       0      12        0.0%
BANK4              100      0       0      13        0.0%
BITBANK5           100      0       0      14        0.0%
BANK5              100      0       0      15        0.0%
BITBANK6           100      0       0      16        0.0%
BANK6              100      0       0      17        0.0%
BITBANK7           100      0       0      18        0.0%
BANK7              100      0       0      19        0.0%
BITBANK8           100      0       0      20        0.0%
BANK8              100      0       0      21        0.0%
BITBANK9           100      0       0      22        0.0%
BANK9              100      0       0      23        0.0%
BITBANK10          100      0       0      24        0.0%
BANK10             100      0       0      25        0.0%
BITBANK11          100      0       0      26        0.0%
BANK11             100      0       0      27        0.0%
ABS                  0      0       0      28        0.0%
BITBANK12          100      0       0      29        0.0%
BANK12             100      0       0      30        0.0%
BITBANK13          100      0       0      31        0.0%
BANK13             100      0       0      32        0.0%
BITBANK14          100      0       0      33        0.0%
BANK14             100      0       0      34        0.0%
BITBANK15           38      0       0      35        0.0%
BANK15              38      0       0      36        0.0%
BITBIGSFRhh          D      0       0      37        0.0%
BITBIGSFRhl         1A      0       0      38        0.0%
BITBIGSFRlhh        41      0       0      39        0.0%
BITBIGSFRlhl         8      0       0      40        0.0%
BITBIGSFRll         52      0       0      41        0.0%
BIGRAM             F37      0       0      42        0.0%
BIGSFR               0      0       0     200        0.0%
BITSFR_1             0      0       0     200        0.0%
SFR_1                0      0       0     200        0.0%
BITSFR               0      0       0     200        0.0%
SFR                  0      0       0     200        0.0%


Microchip Technology PIC18 Macro Assembler V2.45 build 20230818022343 
Symbol Table                                                                                   Fri Jan 26 11:42:52 2024

                         l20 10C0                           l21 10CA                           l15 10DA  
                         l31 105A                           l25 1006                           l18 10B2  
                         l34 10EE                           l27 100C                           l28 1012  
                         l29 1018                           l39 106E                           u10 10C0  
                         u11 10BC                           u30 10AA                           u31 10A6  
                        l720 10CC                          l722 10D8                          l724 10B2  
                        l726 10C2                          l738 10E6                          l764 1002  
                        l790 108A                          l774 105C                          l768 101E  
                        l792 108E                          l784 1076                          l776 1066  
                        l786 1082                          l778 106A                          l788 1086  
                        l798 1034                         _T0IF 7F92                         _TMR0 0FD6  
           ?_configureTimer0 0001                         _main 105C                         start 0000  
               ___param_bank 0000                  _turnOffLEDs 10E6                        ?_main 0001  
                      _T0CON 0FD5                        main@i 0005                        status 0FD8  
            __initialization 10DC                 __end_of_main 10B2                       ??_main 0005  
              __activetblptr 0002                       isa$std 0001                 __mediumconst 0000  
                     tblptru 0FF8                   __accesstop 0060      __end_of__initialization 10DC  
              ___rparam_used 0001               __pcstackCOMRAM 0001                 ?_turnOffLEDs 0001  
                    __Hparam 0000                      __Lparam 0000                 __psmallconst 1000  
                    __pcinit 10DC                      __ramtop 1000                      __ptext0 105C  
                    __ptext1 1002                      __ptext2 10E6                      __ptext3 10B2  
                    __ptext4 10CC         end_of_initialization 10DC                __Lmediumconst 0000  
        _delay_1s_with_timer 10B2            __end_of_turnOnLED 105C         ?_delay_1s_with_timer 0001  
                  _TRISBbits 0F93            ??_configureTimer0 0001        ??_delay_1s_with_timer 0001  
        start_initialization 10DC           turnOnLED@ledNumber 0001                  __smallconst 1000  
                   _LATBbits 0F8A                    _turnOnLED 1002                     __Hrparam 0000  
            _configureTimer0 10CC                     __Lrparam 0000                   ?_turnOnLED 0001  
              ??_turnOffLEDs 0001                     isa$xinst 0000  __end_of_delay_1s_with_timer 10CC  
    __end_of_configureTimer0 10DC          __end_of_turnOffLEDs 10F0                  ??_turnOnLED 0003  
